state	power	likelihood
1255	0.237305	-1436.94
1260	0.237305	-1425.26
1265	0.237305	-1427.03
1270	0.237305	-1430.5
1275	0.237305	-1429.43
1280	0.237305	-1431.31
1285	0.237305	-1431.31
1290	0.237305	-1426.25
1295	0.237305	-1426
1300	0.237305	-1430.35
1305	0.237305	-1426.33
1310	0.237305	-1429.75
1315	0.237305	-1425.03
1320	0.237305	-1425.85
1325	0.237305	-1425.85
1330	0.237305	-1426.15
1335	0.237305	-1425.05
1340	0.237305	-1426.4
1345	0.237305	-1429.25
1350	0.237305	-1428.31
1355	0.237305	-1427.54
1360	0.237305	-1425.38
1365	0.237305	-1425.19
1370	0.237305	-1431.16
1375	0.237305	-1425.63
1380	0.237305	-1433.47
1385	0.237305	-1428.14
1390	0.237305	-1430.29
1395	0.237305	-1427.64
1400	0.237305	-1425.02
1405	0.237305	-1427.28
1410	0.237305	-1425.04
1415	0.237305	-1432.86
1420	0.237305	-1426.12
1425	0.237305	-1431.45
1430	0.237305	-1425.01
1435	0.237305	-1428.91
1440	0.237305	-1428.55
1445	0.237305	-1427.16
1450	0.237305	-1426.84
1455	0.237305	-1435
1460	0.237305	-1425.13
1465	0.237305	-1429.27
1470	0.237305	-1425.06
1475	0.237305	-1425.01
1480	0.237305	-1425.02
1485	0.237305	-1426.59
1490	0.237305	-1425.73
1495	0.237305	-1426.37
1500	0.237305	-1427.26
1505	0.237305	-1425.72
1510	0.237305	-1427.7
1515	0.237305	-1425.33
1520	0.237305	-1425.48
1525	0.237305	-1425.18
1530	0.237305	-1428.63
1535	0.237305	-1427
1540	0.237305	-1425.63
1545	0.237305	-1425.14
1550	0.237305	-1425.37
1555	0.237305	-1425.01
1560	0.237305	-1425.28
1565	0.237305	-1425.05
1570	0.237305	-1437.19
1575	0.237305	-1431.46
1580	0.237305	-1430.5
1585	0.237305	-1425.24
1590	0.237305	-1430.9
1595	0.237305	-1430.72
1600	0.237305	-1433.03
1605	0.237305	-1425.26
1610	0.237305	-1425.75
1615	0.237305	-1425.75
1620	0.237305	-1428.67
1625	0.237305	-1425.69
1630	0.237305	-1425.69
1635	0.237305	-1429.75
1640	0.237305	-1426.94
1645	0.237305	-1427.06
1650	0.237305	-1431.97
1655	0.237305	-1425.1
1660	0.237305	-1426.31
1665	0.237305	-1425.37
1670	0.237305	-1425.07
1675	0.237305	-1425.19
1680	0.237305	-1425.28
1685	0.237305	-1425.79
1690	0.237305	-1425.41
1695	0.237305	-1431.22
1700	0.237305	-1425.02
1705	0.237305	-1425.04
1710	0.237305	-1425.31
1715	0.237305	-1425.46
1720	0.237305	-1426.38
1725	0.237305	-1425.01
1730	0.237305	-1425.35
1735	0.237305	-1425.35
1740	0.237305	-1429.85
1745	0.237305	-1425.02
1750	0.237305	-1427.09
1755	0.237305	-1431.19
1760	0.237305	-1428.73
1765	0.237305	-1429.52
1770	0.237305	-1425.1
1775	0.237305	-1425.91
1780	0.237305	-1425.32
1785	0.237305	-1425.95
1790	0.237305	-1426.47
1795	0.237305	-1428.75
1800	0.237305	-1426.46
1805	0.237305	-1425.04
1810	0.237305	-1425.02
1815	0.237305	-1427.83
1820	0.237305	-1440.61
1825	0.237305	-1431.93
1830	0.237305	-1425.98
1835	0.237305	-1425.84
1840	0.237305	-1430.15
1845	0.237305	-1425.5
1850	0.237305	-1426.09
1855	0.237305	-1426.09
1860	0.237305	-1426.32
1865	0.237305	-1425.02
1870	0.237305	-1425.79
1875	0.237305	-1429.62
1880	0.237305	-1428.06
1885	0.237305	-1425.94
1890	0.237305	-1427.48
1895	0.237305	-1425.42
1900	0.237305	-1425.39
1905	0.237305	-1425.02
1910	0.237305	-1429.59
1915	0.237305	-1426.36
1920	0.237305	-1425.11
1925	0.237305	-1425.17
1930	0.237305	-1425.21
1935	0.237305	-1427.37
1940	0.237305	-1425.23
1945	0.237305	-1425.07
1950	0.237305	-1429.3
1955	0.237305	-1425.73
1960	0.237305	-1426.43
1965	0.237305	-1425.39
1970	0.237305	-1426.38
1975	0.237305	-1425.75
1980	0.237305	-1426.29
1985	0.237305	-1439.99
1990	0.237305	-1426.61
1995	0.237305	-1427.49
2000	0.237305	-1429.19
2005	0.237305	-1433.02
2010	0.237305	-1427.54
2015	0.237305	-1425.8
2020	0.237305	-1425.52
2025	0.237305	-1427.31
2030	0.237305	-1425.02
2035	0.237305	-1425.02
2040	0.237305	-1427.24
2045	0.237305	-1426.31
2050	0.237305	-1431.14
2055	0.237305	-1425.41
2060	0.237305	-1425.13
2065	0.237305	-1430.58
2070	0.237305	-1425.92
2075	0.237305	-1425.18
2080	0.237305	-1425.87
2085	0.237305	-1425.98
2090	0.237305	-1427.06
2095	0.237305	-1425.47
2100	0.237305	-1426.38
2105	0.237305	-1425.01
2110	0.237305	-1426.11
2115	0.237305	-1426.26
2120	0.237305	-1425.08
2125	0.237305	-1426.23
2130	0.237305	-1431.06
2135	0.237305	-1431.11
2140	0.237305	-1427.34
2145	0.237305	-1425.01
2150	0.237305	-1425.01
2155	0.237305	-1430.27
2160	0.237305	-1426.29
2165	0.237305	-1425.16
2170	0.237305	-1426.59
2175	0.237305	-1426.51
2180	0.237305	-1426.4
2185	0.237305	-1426.4
2190	0.237305	-1425.98
2195	0.237305	-1429.06
2200	0.237305	-1425.05
2205	0.237305	-1425.05
2210	0.237305	-1425.01
2215	0.237305	-1425.43
2220	0.237305	-1437.12
2225	0.237305	-1426.14
2230	0.237305	-1436.47
2235	0.237305	-1437.62
2240	0.237305	-1427.11
2245	0.237305	-1427.29
2250	0.237305	-1425.68
2255	0.237305	-1428.2
2260	0.237305	-1426.1
2265	0.237305	-1425.1
2270	0.237305	-1431.61
2275	0.237305	-1425.01
2280	0.237305	-1425.38
2285	0.237305	-1425.01
2290	0.237305	-1425.01
2295	0.237305	-1425.12
2300	0.237305	-1425.95
2305	0.237305	-1425.85
2310	0.237305	-1425.67
2315	0.237305	-1425.13
2320	0.237305	-1425.13
2325	0.237305	-1439.88
2330	0.237305	-1425.53
2335	0.237305	-1425.53
2340	0.237305	-1425.53
2345	0.237305	-1429.62
2350	0.237305	-1439
2355	0.237305	-1425.01
2360	0.237305	-1425.68
2365	0.237305	-1426.82
2370	0.237305	-1425.14
2375	0.237305	-1425.01
2380	0.237305	-1425.74
2385	0.237305	-1426.95
2390	0.237305	-1425.76
2395	0.237305	-1429.36
2400	0.237305	-1430.54
2405	0.237305	-1434.68
2410	0.237305	-1425.05
2415	0.237305	-1427.45
2420	0.237305	-1425.01
2425	0.237305	-1425.01
2430	0.237305	-1429.62
2435	0.237305	-1425.45
2440	0.237305	-1425.54
2445	0.237305	-1431.32
2450	0.237305	-1425.66
2455	0.237305	-1426.85
2460	0.237305	-1425.44
2465	0.237305	-1430.09
2470	0.237305	-1428.15
2475	0.237305	-1430.11
2480	0.237305	-1428.15
2485	0.237305	-1426.04
2490	0.237305	-1425.17
2495	0.237305	-1425.21
2500	0.237305	-1425.29
2505	0.237305	-1425.23
2510	0.237305	-1431.43
2515	0.237305	-1426.2
2520	0.237305	-1426.2
2525	0.237305	-1426.2
2530	0.237305	-1429.91
2535	0.237305	-1425.36
2540	0.237305	-1437.63
2545	0.237305	-1425.1
2550	0.237305	-1435.09
2555	0.237305	-1425.31
2560	0.237305	-1426.03
2565	0.237305	-1427.98
2570	0.237305	-1425.02
2575	0.237305	-1428.08
2580	0.237305	-1425.19
2585	0.237305	-1428.8
2590	0.237305	-1439.29
2595	0.237305	-1425.38
2600	0.237305	-1428.42
2605	0.237305	-1426.32
2610	0.237305	-1433.42
2615	0.237305	-1425.62
2620	0.237305	-1428.03
2625	0.237305	-1427.26
2630	0.237305	-1425.21
2635	0.237305	-1428.15
2640	0.237305	-1433.93
2645	0.237305	-1426.09
2650	0.237305	-1425.49
2655	0.237305	-1425.03
2660	0.237305	-1428.92
2665	0.237305	-1425.86
2670	0.237305	-1425.86
2675	0.237305	-1429.76
2680	0.237305	-1427.86
2685	0.237305	-1425.12
2690	0.237305	-1429.44
2695	0.237305	-1427.01
2700	0.237305	-1432.78
2705	0.237305	-1425.56
2710	0.237305	-1425.56
2715	0.237305	-1425.46
2720	0.237305	-1425.52
2725	0.237305	-1425.01
2730	0.237305	-1425.2
2735	0.237305	-1426.32
2740	0.237305	-1426.32
2745	0.237305	-1430.04
2750	0.237305	-1425.52
2755	0.237305	-1427.81
2760	0.237305	-1425.59
2765	0.237305	-1430.96
2770	0.237305	-1427.43
2775	0.237305	-1425.4
2780	0.237305	-1427.13
2785	0.237305	-1426.66
2790	0.237305	-1427.08
2795	0.237305	-1426
2800	0.237305	-1427.04
2805	0.237305	-1425.29
2810	0.237305	-1425.36
2815	0.237305	-1429.26
2820	0.237305	-1429.33
2825	0.237305	-1425.15
2830	0.237305	-1426.51
2835	0.237305	-1425.15
2840	0.237305	-1426.64
2845	0.237305	-1425.08
2850	0.237305	-1425.37
2855	0.237305	-1425.37
2860	0.237305	-1435.8
2865	0.237305	-1431.38
2870	0.237305	-1427.08
2875	0.237305	-1431.18
2880	0.237305	-1427.99
2885	0.237305	-1428.65
2890	0.237305	-1433
2895	0.237305	-1425.01
2900	0.237305	-1426.13
2905	0.237305	-1430.28
2910	0.237305	-1425.4
2915	0.237305	-1428.03
2920	0.237305	-1425.09
2925	0.237305	-1427.86
2930	0.237305	-1427.91
2935	0.237305	-1426.65
2940	0.237305	-1425.66
2945	0.237305	-1429.85
2950	0.237305	-1425.21
2955	0.237305	-1425.26
2960	0.237305	-1425.79
2965	0.237305	-1427.87
2970	0.237305	-1425.5
2975	0.237305	-1428.4
2980	0.237305	-1428.19
2985	0.237305	-1425.97
2990	0.237305	-1427.44
2995	0.237305	-1425.35
3000	0.237305	-1425.37
3005	0.237305	-1425.6
3010	0.237305	-1427.37
3015	0.237305	-1425.07
3020	0.237305	-1425.89
3025	0.237305	-1434.59
3030	0.237305	-1429.93
3035	0.237305	-1431.27
3040	0.237305	-1441.77
3045	0.237305	-1441.01
3050	0.237305	-1426.37
3055	0.237305	-1425.11
3060	0.237305	-1426.16
3065	0.237305	-1428.02
3070	0.237305	-1425.27
3075	0.237305	-1425.01
3080	0.237305	-1425.42
3085	0.237305	-1425.22
3090	0.237305	-1430.57
3095	0.237305	-1431.36
3100	0.237305	-1425.16
3105	0.237305	-1429.93
3110	0.237305	-1425.05
3115	0.237305	-1427.58
3120	0.237305	-1434.69
3125	0.237305	-1425.06
3130	0.237305	-1425.06
3135	0.237305	-1426.6
3140	0.237305	-1425.86
3145	0.237305	-1425.22
3150	0.237305	-1431.5
3155	0.237305	-1427.7
3160	0.237305	-1426.21
3165	0.237305	-1428.09
3170	0.237305	-1428.36
3175	0.237305	-1434.48
3180	0.237305	-1430.89
3185	0.237305	-1428.69
3190	0.237305	-1426.55
3195	0.237305	-1425.94
3200	0.237305	-1425.17
3205	0.237305	-1427.17
3210	0.237305	-1433.58
3215	0.237305	-1432.11
3220	0.237305	-1433.63
3225	0.237305	-1425.33
3230	0.237305	-1425.3
3235	0.237305	-1426.16
3240	0.237305	-1425.56
3245	0.237305	-1432
3250	0.237305	-1428.22
3255	0.237305	-1425.1
3260	0.237305	-1426.15
3265	0.237305	-1425.03
3270	0.237305	-1425.18
3275	0.237305	-1425.86
3280	0.237305	-1427.52
3285	0.237305	-1434.53
3290	0.237305	-1425.13
3295	0.237305	-1425.13
3300	0.237305	-1428.8
3305	0.237305	-1428.85
3310	0.237305	-1425.54
3315	0.237305	-1425.02
3320	0.237305	-1425.17
3325	0.237305	-1427.62
3330	0.237305	-1425.25
3335	0.237305	-1430.89
3340	0.237305	-1427.07
3345	0.237305	-1425.44
3350	0.237305	-1427.31
3355	0.237305	-1425.4
3360	0.237305	-1425.59
3365	0.237305	-1439.27
3370	0.237305	-1425.11
3375	0.237305	-1425.4
3380	0.237305	-1425.49
3385	0.237305	-1425.03
3390	0.237305	-1430
3395	0.237305	-1425.02
3400	0.237305	-1425.24
3405	0.237305	-1426.35
3410	0.237305	-1431.26
3415	0.237305	-1430.85
3420	0.237305	-1425.66
3425	0.237305	-1426.85
3430	0.237305	-1429.91
3435	0.237305	-1426.77
3440	0.237305	-1426.64
3445	0.237305	-1425.56
3450	0.237305	-1425.64
3455	0.237305	-1425.94
3460	0.237305	-1425.02
3465	0.237305	-1427.42
3470	0.237305	-1425.48
3475	0.237305	-1427.82
3480	0.237305	-1429.75
3485	0.237305	-1426.08
3490	0.237305	-1425.15
3495	0.237305	-1431.55
3500	0.237305	-1425.03
3505	0.237305	-1425.19
3510	0.237305	-1434.03
3515	0.237305	-1430.86
3520	0.237305	-1425.18
3525	0.237305	-1425.23
3530	0.237305	-1426.59
3535	0.237305	-1430.73
3540	0.237305	-1425.69
3545	0.237305	-1441.01
3550	0.237305	-1430.34
3555	0.237305	-1426.29
3560	0.237305	-1425.06
3565	0.237305	-1425.55
3570	0.237305	-1425.37
3575	0.237305	-1433.05
3580	0.237305	-1434.59
3585	0.237305	-1430
3590	0.237305	-1425.44
3595	0.237305	-1425.24
3600	0.237305	-1430.02
3605	0.237305	-1428.81
3610	0.237305	-1425.25
3615	0.237305	-1430.21
3620	0.237305	-1425.06
3625	0.237305	-1430.28
3630	0.237305	-1432.46
3635	0.237305	-1425.85
3640	0.237305	-1426.11
3645	0.237305	-1425.66
3650	0.237305	-1428.22
3655	0.237305	-1427.18
3660	0.237305	-1426.56
3665	0.237305	-1425.25
3670	0.237305	-1425.1
3675	0.237305	-1425.32
3680	0.237305	-1425.63
3685	0.237305	-1425.02
3690	0.237305	-1427.65
3695	0.237305	-1429.72
3700	0.237305	-1425.09
3705	0.237305	-1428.64
3710	0.237305	-1425.23
3715	0.237305	-1427.12
3720	0.237305	-1425.23
3725	0.237305	-1425.12
3730	0.237305	-1425.38
3735	0.237305	-1430.17
3740	0.237305	-1430.17
3745	0.237305	-1425.43
3750	0.237305	-1425.61
3755	0.237305	-1426.25
3760	0.237305	-1432.5
3765	0.237305	-1425.29
3770	0.237305	-1425.05
3775	0.237305	-1426.25
3780	0.237305	-1425.1
3785	0.237305	-1437.83
3790	0.237305	-1427.69
3795	0.237305	-1425.18
3800	0.237305	-1425.86
3805	0.237305	-1436.62
3810	0.237305	-1425.13
3815	0.237305	-1426.05
3820	0.237305	-1426.88
3825	0.237305	-1426.41
3830	0.237305	-1427.06
3835	0.237305	-1426.07
3840	0.237305	-1425.99
3845	0.237305	-1426.43
3850	0.237305	-1428.96
3855	0.237305	-1425.5
3860	0.237305	-1426.68
3865	0.237305	-1426.37
3870	0.237305	-1425.11
3875	0.237305	-1425.03
3880	0.237305	-1425.08
3885	0.237305	-1428.43
3890	0.237305	-1425.38
3895	0.237305	-1426.82
3900	0.237305	-1433.1
3905	0.237305	-1425.03
3910	0.237305	-1429.19
3915	0.237305	-1425.67
3920	0.237305	-1428.41
3925	0.237305	-1425.02
3930	0.237305	-1426.14
3935	0.237305	-1425.28
3940	0.237305	-1426.69
3945	0.237305	-1429.81
3950	0.237305	-1432.81
3955	0.237305	-1426.32
3960	0.237305	-1427.24
3965	0.237305	-1426.66
3970	0.237305	-1425.17
3975	0.237305	-1425.9
3980	0.237305	-1428.25
3985	0.237305	-1430.87
3990	0.237305	-1425.53
3995	0.237305	-1426.71
4000	0.237305	-1426.14
4005	0.237305	-1425.91
4010	0.237305	-1425.01
4015	0.237305	-1427.41
4020	0.237305	-1426.43
4025	0.237305	-1426.33
4030	0.237305	-1426.15
4035	0.237305	-1425.05
4040	0.237305	-1425.01
4045	0.237305	-1425.83
4050	0.237305	-1427.23
4055	0.237305	-1427.93
4060	0.237305	-1425.23
4065	0.237305	-1425.52
4070	0.237305	-1426.33
4075	0.237305	-1425.28
4080	0.237305	-1425.37
4085	0.237305	-1429.38
4090	0.237305	-1428.38
4095	0.237305	-1425.09
4100	0.237305	-1425.62
4105	0.237305	-1427.1
4110	0.237305	-1426.44
4115	0.237305	-1430.1
4120	0.237305	-1426.41
4125	0.237305	-1427.16
4130	0.237305	-1428.35
4135	0.237305	-1429.85
4140	0.237305	-1428.3
4145	0.237305	-1427.94
4150	0.237305	-1427.56
4155	0.237305	-1425.01
4160	0.237305	-1427.95
4165	0.237305	-1425.29
4170	0.237305	-1435.85
4175	0.237305	-1425.03
4180	0.237305	-1429.45
4185	0.237305	-1427.96
4190	0.237305	-1429.78
4195	0.237305	-1429.55
4200	0.237305	-1429.07
4205	0.237305	-1433.11
4210	0.237305	-1444.95
4215	0.237305	-1425.58
4220	0.237305	-1425.12
4225	0.237305	-1430.54
4230	0.237305	-1427.21
4235	0.237305	-1431.99
4240	0.237305	-1425.6
4245	0.237305	-1432.54
4250	0.237305	-1430.28
4255	0.237305	-1425.87
4260	0.237305	-1429.11
4265	0.237305	-1426.29
4270	0.237305	-1429.75
4275	0.237305	-1439.79
4280	0.237305	-1425.69
4285	0.237305	-1430.89
4290	0.237305	-1428.65
4295	0.237305	-1429.14
4300	0.237305	-1425.3
4305	0.237305	-1431.25
4310	0.237305	-1425.03
4315	0.237305	-1426.69
4320	0.237305	-1427.67
4325	0.237305	-1426.94
4330	0.237305	-1425.04
4335	0.237305	-1426.32
4340	0.237305	-1427.36
4345	0.237305	-1426.35
4350	0.237305	-1426.6
4355	0.237305	-1425.23
4360	0.237305	-1427.06
4365	0.237305	-1430.59
4370	0.237305	-1429.63
4375	0.237305	-1425.82
4380	0.237305	-1427.07
4385	0.237305	-1425.02
4390	0.237305	-1425.02
4395	0.237305	-1425.04
4400	0.237305	-1427.3
4405	0.237305	-1425.79
4410	0.237305	-1426.57
4415	0.237305	-1425.02
4420	0.237305	-1427.15
4425	0.237305	-1426.59
4430	0.237305	-1425.41
4435	0.237305	-1426.72
4440	0.237305	-1425.22
4445	0.237305	-1425.21
4450	0.237305	-1425.06
4455	0.237305	-1429.15
4460	0.237305	-1425.67
4465	0.237305	-1428.12
4470	0.237305	-1425.24
4475	0.237305	-1428.12
4480	0.237305	-1427.73
4485	0.237305	-1428.24
4490	0.237305	-1427.38
4495	0.237305	-1425.43
4500	0.237305	-1425.06
4505	0.237305	-1426.44
4510	0.237305	-1425.25
4515	0.237305	-1425.43
4520	0.237305	-1425.91
4525	0.237305	-1426.77
4530	0.237305	-1425.05
4535	0.237305	-1425.05
4540	0.237305	-1425.63
4545	0.237305	-1434.41
4550	0.237305	-1425.54
4555	0.237305	-1425.33
4560	0.237305	-1425.38
4565	0.237305	-1426.58
4570	0.237305	-1425.67
4575	0.237305	-1426.22
4580	0.237305	-1425.01
4585	0.237305	-1425.01
4590	0.237305	-1426.21
4595	0.237305	-1426.73
4600	0.237305	-1425.31
4605	0.237305	-1425.01
4610	0.237305	-1425.02
4615	0.237305	-1425.01
4620	0.237305	-1427.74
4625	0.237305	-1430
4630	0.237305	-1425.09
4635	0.237305	-1425.75
4640	0.237305	-1426.55
4645	0.237305	-1425.01
4650	0.237305	-1427.37
4655	0.237305	-1425.75
4660	0.237305	-1425.9
4665	0.237305	-1425.03
4670	0.237305	-1426.58
4675	0.237305	-1427.74
4680	0.237305	-1425.02
4685	0.237305	-1425.87
4690	0.237305	-1425.52
4695	0.237305	-1426.22
4700	0.237305	-1425.65
4705	0.237305	-1427.54
4710	0.237305	-1425.62
4715	0.237305	-1427.47
4720	0.237305	-1431.72
4725	0.237305	-1427.53
4730	0.237305	-1427.64
4735	0.237305	-1426.85
4740	0.237305	-1425.88
4745	0.237305	-1442.6
4750	0.237305	-1428.06
4755	0.237305	-1428.37
4760	0.237305	-1425.1
4765	0.237305	-1425.36
4770	0.237305	-1425.18
4775	0.237305	-1427.44
4780	0.237305	-1425.25
4785	0.237305	-1425.12
4790	0.237305	-1425.06
4795	0.237305	-1425.2
4800	0.237305	-1433.09
4805	0.237305	-1425.03
4810	0.237305	-1428.18
4815	0.237305	-1431.23
4820	0.237305	-1430.1
4825	0.237305	-1428.62
4830	0.237305	-1425.65
4835	0.237305	-1425.87
4840	0.237305	-1427.99
4845	0.237305	-1425.9
4850	0.237305	-1425.6
4855	0.237305	-1433.6
4860	0.237305	-1426.78
4865	0.237305	-1426.78
4870	0.237305	-1425.63
4875	0.237305	-1425.01
4880	0.237305	-1425.24
4885	0.237305	-1425.12
4890	0.237305	-1427.48
4895	0.237305	-1426.11
4900	0.237305	-1434.29
4905	0.237305	-1425.04
4910	0.237305	-1425.05
4915	0.237305	-1425.58
4920	0.237305	-1425.82
4925	0.237305	-1425.05
4930	0.237305	-1425.05
4935	0.237305	-1430.42
4940	0.237305	-1425.02
4945	0.237305	-1428.95
4950	0.237305	-1429.3
4955	0.237305	-1427.38
4960	0.237305	-1433.7
4965	0.237305	-1425.03
4970	0.237305	-1425.13
4975	0.237305	-1425.08
4980	0.237305	-1427.15
4985	0.237305	-1425.05
4990	0.237305	-1425.23
4995	0.237305	-1425.63
5000	0.237305	-1425.04
