state	power	likelihood
1255	0.00525219	-1477.6
1260	0.00525219	-1477.6
1265	0.00525219	-1429.34
1270	0.00525219	-1483.92
1275	0.00525219	-1455.16
1280	0.00525219	-1561.19
1285	0.00525219	-1550.19
1290	0.00525219	-1671.82
1295	0.00525219	-1594.45
1300	0.00525219	-1773.07
1305	0.00525219	-1696.49
1310	0.00525219	-1578.11
1315	0.00525219	-1489.43
1320	0.00525219	-1434.76
1325	0.00525219	-1476.18
1330	0.00525219	-1692.55
1335	0.00525219	-1803.82
1340	0.00525219	-1473.1
1345	0.00525219	-1522.63
1350	0.00525219	-1465.38
1355	0.00525219	-1732.59
1360	0.00525219	-1580.04
1365	0.00525219	-1609.23
1370	0.00525219	-1506.53
1375	0.00525219	-1429.56
1380	0.00525219	-1578.59
1385	0.00525219	-1426.79
1390	0.00525219	-1425.06
1395	0.00525219	-1574.11
1400	0.00525219	-1524.05
1405	0.00525219	-1425.01
1410	0.00525219	-1457.82
1415	0.00525219	-1479.93
1420	0.00525219	-2094.74
1425	0.00525219	-1425.56
1430	0.00525219	-1708.52
1435	0.00525219	-1476.97
1440	0.00525219	-1525.58
1445	0.00525219	-1688.76
1450	0.00525219	-1491.26
1455	0.00525219	-1492.18
1460	0.00525219	-1734.54
1465	0.00525219	-1532.04
1470	0.00525219	-1732.61
1475	0.00525219	-1425.93
1480	0.00525219	-1588.06
1485	0.00525219	-1425.09
1490	0.00525219	-1426
1495	0.00525219	-1624.97
1500	0.00525219	-1722.35
1505	0.00525219	-1449.54
1510	0.00525219	-1427.88
1515	0.00525219	-1523.86
1520	0.00525219	-1439.96
1525	0.00525219	-1500.74
1530	0.00525219	-1486.77
1535	0.00525219	-1432.95
1540	0.00525219	-1429.73
1545	0.00525219	-1526.17
1550	0.00525219	-1590.8
1555	0.00525219	-1426.78
1560	0.00525219	-1480.67
1565	0.00525219	-1714.81
1570	0.00525219	-1425.08
1575	0.00525219	-1425.45
1580	0.00525219	-1437.63
1585	0.00525219	-1446.49
1590	0.00525219	-1433.67
1595	0.00525219	-1584.56
1600	0.00525219	-1425.02
1605	0.00525219	-1713.52
1610	0.00525219	-1446.54
1615	0.00525219	-1480.08
1620	0.00525219	-1450.69
1625	0.00525219	-1443.48
1630	0.00525219	-1448.67
1635	0.00525219	-1714.78
1640	0.00525219	-1714.78
1645	0.00525219	-1445.07
1650	0.00525219	-1443.28
1655	0.00525219	-1443.28
1660	0.00525219	-1522.85
1665	0.00525219	-2197.34
1670	0.00525219	-1471.83
1675	0.00525219	-1429.84
1680	0.00525219	-1445.52
1685	0.00525219	-1747.6
1690	0.00525219	-1599.74
1695	0.00525219	-1437.65
1700	0.00525219	-1619.31
1705	0.00525219	-1429.64
1710	0.00525219	-1425.14
1715	0.00525219	-1650.32
1720	0.00525219	-1558.86
1725	0.00525219	-1426.45
1730	0.00525219	-1538.78
1735	0.00525219	-1460.65
1740	0.00525219	-1469.58
1745	0.00525219	-1425.49
1750	0.00525219	-1488.88
1755	0.00525219	-1998.28
1760	0.00525219	-1502.57
1765	0.00525219	-1506.66
1770	0.00525219	-1827.32
1775	0.00525219	-1464.41
1780	0.00525219	-1433.28
1785	0.00525219	-1443.17
1790	0.00525219	-1480.11
1795	0.00525219	-1478.44
1800	0.00525219	-1426.6
1805	0.00525219	-1535.66
1810	0.00525219	-1425.49
1815	0.00525219	-1429.33
1820	0.00525219	-1435.79
1825	0.00525219	-1529.17
1830	0.00525219	-1549.4
1835	0.00525219	-1732.76
1840	0.00525219	-1429.13
1845	0.00525219	-1758.56
1850	0.00525219	-1425.72
1855	0.00525219	-1441.51
1860	0.00525219	-1526.31
1865	0.00525219	-1425.32
1870	0.00525219	-1498.29
1875	0.00525219	-1448.5
1880	0.00525219	-1433.03
1885	0.00525219	-1455.41
1890	0.00525219	-1504.17
1895	0.00525219	-1428.16
1900	0.00525219	-1594.76
1905	0.00525219	-1463.75
1910	0.00525219	-1425.31
1915	0.00525219	-1425.31
1920	0.00525219	-1437.63
1925	0.00525219	-1594.72
1930	0.00525219	-1512.79
1935	0.00525219	-1459.5
1940	0.00525219	-1489.25
1945	0.00525219	-1471.31
1950	0.00525219	-1431.32
1955	0.00525219	-1672.57
1960	0.00525219	-1577.39
1965	0.00525219	-1439.66
1970	0.00525219	-1432.31
1975	0.00525219	-1959.19
1980	0.00525219	-1471.46
1985	0.00525219	-1459.06
1990	0.00525219	-1443.48
1995	0.00525219	-1439.12
2000	0.00525219	-1434.37
2005	0.00525219	-1458.06
2010	0.00525219	-1487.21
2015	0.00525219	-1448.33
2020	0.00525219	-1448.33
2025	0.00525219	-1429.39
2030	0.00525219	-1511.6
2035	0.00525219	-1425.14
2040	0.00525219	-1457.25
2045	0.00525219	-1481.22
2050	0.00525219	-1551.59
2055	0.00525219	-1428.37
2060	0.00525219	-1442.59
2065	0.00525219	-1653.76
2070	0.00525219	-1432.07
2075	0.00525219	-1711.39
2080	0.00525219	-2088.86
2085	0.00525219	-1436.6
2090	0.00525219	-1771.4
2095	0.00525219	-1430.82
2100	0.00525219	-1428.26
2105	0.00525219	-1497.89
2110	0.00525219	-1433.57
2115	0.00525219	-1437.24
2120	0.00525219	-1430.4
2125	0.00525219	-1499.99
2130	0.00525219	-1469.32
2135	0.00525219	-1501.54
2140	0.00525219	-1466.66
2145	0.00525219	-1609.31
2150	0.00525219	-1550.79
2155	0.00525219	-1425.21
2160	0.00525219	-1430.53
2165	0.00525219	-1776.36
2170	0.00525219	-1439.88
2175	0.00525219	-1782.51
2180	0.00525219	-1470.93
2185	0.00525219	-1512.3
2190	0.00525219	-1454.35
2195	0.00525219	-1439.5
2200	0.00525219	-1427.34
2205	0.00525219	-1428.08
2210	0.00525219	-1449.26
2215	0.00525219	-1442.67
2220	0.00525219	-1453.26
2225	0.00525219	-2040.47
2230	0.00525219	-1443.65
2235	0.00525219	-1516.4
2240	0.00525219	-1547.56
2245	0.00525219	-1475.95
2250	0.00525219	-1441.09
2255	0.00525219	-2020.48
2260	0.00525219	-1425.04
2265	0.00525219	-1428.16
2270	0.00525219	-1498.31
2275	0.00525219	-1438.08
2280	0.00525219	-1539.54
2285	0.00525219	-1426.75
2290	0.00525219	-1516.52
2295	0.00525219	-2173.74
2300	0.00525219	-1665.25
2305	0.00525219	-1430.59
2310	0.00525219	-1710.27
2315	0.00525219	-1477.45
2320	0.00525219	-1508.07
2325	0.00525219	-1460.53
2330	0.00525219	-1431.74
2335	0.00525219	-1581.17
2340	0.00525219	-1586.79
2345	0.00525219	-1445.21
2350	0.00525219	-1793.11
2355	0.00525219	-1522.09
2360	0.00525219	-1709.49
2365	0.00525219	-1570.61
2370	0.00525219	-1537.5
2375	0.00525219	-1580.98
2380	0.00525219	-1656.09
2385	0.00525219	-1771.57
2390	0.00525219	-1644.36
2395	0.00525219	-1440.83
2400	0.00525219	-1458.8
2405	0.00525219	-2367.71
2410	0.00525219	-1429.59
2415	0.00525219	-1457.03
2420	0.00525219	-1469.35
2425	0.00525219	-1428.85
2430	0.00525219	-1458.42
2435	0.00525219	-1488.41
2440	0.00525219	-1568.35
2445	0.00525219	-1559.19
2450	0.00525219	-1425.18
2455	0.00525219	-1425.18
2460	0.00525219	-1427.68
2465	0.00525219	-1519.74
2470	0.00525219	-1526.57
2475	0.00525219	-1426
2480	0.00525219	-1565.56
2485	0.00525219	-1472.03
2490	0.00525219	-1479.74
2495	0.00525219	-1431.04
2500	0.00525219	-1558.83
2505	0.00525219	-1437.61
2510	0.00525219	-1437.03
2515	0.00525219	-1535.03
2520	0.00525219	-1426.66
2525	0.00525219	-1518.17
2530	0.00525219	-2034.77
2535	0.00525219	-1604.24
2540	0.00525219	-1551
2545	0.00525219	-1427.07
2550	0.00525219	-1425.06
2555	0.00525219	-1562.71
2560	0.00525219	-1652.75
2565	0.00525219	-1426.03
2570	0.00525219	-1492.04
2575	0.00525219	-1470.52
2580	0.00525219	-1425.75
2585	0.00525219	-1448.33
2590	0.00525219	-1729.86
2595	0.00525219	-1430.52
2600	0.00525219	-1574.74
2605	0.00525219	-1446.49
2610	0.00525219	-1680.03
2615	0.00525219	-1433.47
2620	0.00525219	-1425.11
2625	0.00525219	-1499.28
2630	0.00525219	-1518.21
2635	0.00525219	-1432.19
2640	0.00525219	-1439.81
2645	0.00525219	-1695.73
2650	0.00525219	-1497.49
2655	0.00525219	-1584.03
2660	0.00525219	-1428.99
2665	0.00525219	-1585.77
2670	0.00525219	-1437.1
2675	0.00525219	-1479.49
2680	0.00525219	-1491.67
2685	0.00525219	-1429.59
2690	0.00525219	-1458.31
2695	0.00525219	-1596.68
2700	0.00525219	-1711.93
2705	0.00525219	-1427.55
2710	0.00525219	-1457.96
2715	0.00525219	-1528.44
2720	0.00525219	-1553.18
2725	0.00525219	-1633.1
2730	0.00525219	-1633.1
2735	0.00525219	-1746.64
2740	0.00525219	-1466.11
2745	0.00525219	-1436.95
2750	0.00525219	-1483.83
2755	0.00525219	-1438.92
2760	0.00525219	-1426.39
2765	0.00525219	-1489.88
2770	0.00525219	-1482.48
2775	0.00525219	-1425.56
2780	0.00525219	-1535.42
2785	0.00525219	-1704.49
2790	0.00525219	-1446.31
2795	0.00525219	-1612.94
2800	0.00525219	-1568.85
2805	0.00525219	-1529.86
2810	0.00525219	-1732.28
2815	0.00525219	-1429.6
2820	0.00525219	-1548.23
2825	0.00525219	-1696.74
2830	0.00525219	-1923.73
2835	0.00525219	-1443.75
2840	0.00525219	-1966.1
2845	0.00525219	-1651.28
2850	0.00525219	-1427.04
2855	0.00525219	-1640.45
2860	0.00525219	-1470.04
2865	0.00525219	-1443.11
2870	0.00525219	-1435.12
2875	0.00525219	-1425.5
2880	0.00525219	-1518.98
2885	0.00525219	-1448.4
2890	0.00525219	-1433.51
2895	0.00525219	-1519.95
2900	0.00525219	-1635.56
2905	0.00525219	-1427.09
2910	0.00525219	-1426.85
2915	0.00525219	-1460.15
2920	0.00525219	-1731.39
2925	0.00525219	-1429.59
2930	0.00525219	-1689.14
2935	0.00525219	-1425.18
2940	0.00525219	-1434.11
2945	0.00525219	-1426.03
2950	0.00525219	-1461.6
2955	0.00525219	-1436.78
2960	0.00525219	-1436.78
2965	0.00525219	-1425.22
2970	0.00525219	-1723.33
2975	0.00525219	-1703.4
2980	0.00525219	-1468.9
2985	0.00525219	-2020.26
2990	0.00525219	-1598.07
2995	0.00525219	-1427.23
3000	0.00525219	-1431.88
3005	0.00525219	-1556.87
3010	0.00525219	-1597.26
3015	0.00525219	-1431.2
3020	0.00525219	-1463.98
3025	0.00525219	-1463.98
3030	0.00525219	-1486.95
3035	0.00525219	-1425.75
3040	0.00525219	-1464.51
3045	0.00525219	-1425.9
3050	0.00525219	-1435.74
3055	0.00525219	-1430.21
3060	0.00525219	-1428.64
3065	0.00525219	-1462.88
3070	0.00525219	-1446.86
3075	0.00525219	-1453.8
3080	0.00525219	-1429.45
3085	0.00525219	-1469.14
3090	0.00525219	-1555.76
3095	0.00525219	-1482.93
3100	0.00525219	-1482.36
3105	0.00525219	-1502.43
3110	0.00525219	-1442.53
3115	0.00525219	-1434.62
3120	0.00525219	-1490.61
3125	0.00525219	-1482.55
3130	0.00525219	-1425.41
3135	0.00525219	-1585.88
3140	0.00525219	-1505.75
3145	0.00525219	-1544.1
3150	0.00525219	-1432.42
3155	0.00525219	-1540.2
3160	0.00525219	-1609.51
3165	0.00525219	-1531.01
3170	0.00525219	-1425.01
3175	0.00525219	-1502.51
3180	0.00525219	-1445.78
3185	0.00525219	-1836.65
3190	0.00525219	-1435.52
3195	0.00525219	-1439.32
3200	0.00525219	-1485.04
3205	0.00525219	-1425.04
3210	0.00525219	-1431.84
3215	0.00525219	-1425.02
3220	0.00525219	-1487.29
3225	0.00525219	-1427.52
3230	0.00525219	-1502.1
3235	0.00525219	-1463.7
3240	0.00525219	-1425.61
3245	0.00525219	-1655.68
3250	0.00525219	-1439.6
3255	0.00525219	-1698.5
3260	0.00525219	-1434.3
3265	0.00525219	-1634.52
3270	0.00525219	-1495.82
3275	0.00525219	-1425.25
3280	0.00525219	-1454.01
3285	0.00525219	-1436.9
3290	0.00525219	-1436.9
3295	0.00525219	-2089.92
3300	0.00525219	-1461.02
3305	0.00525219	-1793.97
3310	0.00525219	-1667.97
3315	0.00525219	-1629.53
3320	0.00525219	-1483.87
3325	0.00525219	-1829.07
3330	0.00525219	-1434.29
3335	0.00525219	-1426.5
3340	0.00525219	-1426.5
3345	0.00525219	-1496.19
3350	0.00525219	-1427.75
3355	0.00525219	-1442.54
3360	0.00525219	-1560.71
3365	0.00525219	-1461.75
3370	0.00525219	-1715.92
3375	0.00525219	-1455.55
3380	0.00525219	-1425.08
3385	0.00525219	-1425.16
3390	0.00525219	-1473.2
3395	0.00525219	-1455.14
3400	0.00525219	-1723.27
3405	0.00525219	-1455.55
3410	0.00525219	-1425.68
3415	0.00525219	-1557.07
3420	0.00525219	-1750.19
3425	0.00525219	-1430.39
3430	0.00525219	-1427.36
3435	0.00525219	-1429.41
3440	0.00525219	-1457.07
3445	0.00525219	-1527.47
3450	0.00525219	-1427.5
3455	0.00525219	-1472.36
3460	0.00525219	-1448.65
3465	0.00525219	-1499.82
3470	0.00525219	-1718.26
3475	0.00525219	-1441.19
3480	0.00525219	-1993.75
3485	0.00525219	-1445.36
3490	0.00525219	-1503.33
3495	0.00525219	-1496.97
3500	0.00525219	-1823.48
3505	0.00525219	-1986.39
3510	0.00525219	-1523.49
3515	0.00525219	-1476.1
3520	0.00525219	-1437.34
3525	0.00525219	-1443.54
3530	0.00525219	-1443.54
3535	0.00525219	-1431.31
3540	0.00525219	-1623.4
3545	0.00525219	-1427.96
3550	0.00525219	-1426.41
3555	0.00525219	-1520.06
3560	0.00525219	-1432.55
3565	0.00525219	-1561.54
3570	0.00525219	-1425.65
3575	0.00525219	-1503.95
3580	0.00525219	-1565.27
3585	0.00525219	-1491.25
3590	0.00525219	-1429.37
3595	0.00525219	-1437.89
3600	0.00525219	-1591.55
3605	0.00525219	-1441.71
3610	0.00525219	-1506.67
3615	0.00525219	-1436.47
3620	0.00525219	-1462.21
3625	0.00525219	-1501.22
3630	0.00525219	-1433.07
3635	0.00525219	-1449.57
3640	0.00525219	-1433.54
3645	0.00525219	-1453.16
3650	0.00525219	-1438.84
3655	0.00525219	-1429.32
3660	0.00525219	-1466.38
3665	0.00525219	-1463.3
3670	0.00525219	-1765.91
3675	0.00525219	-1436.26
3680	0.00525219	-1432.13
3685	0.00525219	-1758.29
3690	0.00525219	-1973.75
3695	0.00525219	-1425.15
3700	0.00525219	-1481.26
3705	0.00525219	-1442.04
3710	0.00525219	-1551.08
3715	0.00525219	-1554.35
3720	0.00525219	-1617.07
3725	0.00525219	-1440.62
3730	0.00525219	-1448.63
3735	0.00525219	-1431.19
3740	0.00525219	-1774.32
3745	0.00525219	-1778.42
3750	0.00525219	-1805.15
3755	0.00525219	-1607.69
3760	0.00525219	-1432.53
3765	0.00525219	-1468.39
3770	0.00525219	-1537.69
3775	0.00525219	-1505.04
3780	0.00525219	-1517.22
3785	0.00525219	-1577.06
3790	0.00525219	-1929.56
3795	0.00525219	-1490.32
3800	0.00525219	-1427.86
3805	0.00525219	-1460.98
3810	0.00525219	-1446.26
3815	0.00525219	-1485.87
3820	0.00525219	-1601.62
3825	0.00525219	-1532.66
3830	0.00525219	-1594.5
3835	0.00525219	-1425.38
3840	0.00525219	-1503.33
3845	0.00525219	-1532.38
3850	0.00525219	-1517.84
3855	0.00525219	-1606.23
3860	0.00525219	-1432.13
3865	0.00525219	-1429.37
3870	0.00525219	-1432.62
3875	0.00525219	-1471.58
3880	0.00525219	-1454.43
3885	0.00525219	-1431.03
3890	0.00525219	-1905.51
3895	0.00525219	-1435.29
3900	0.00525219	-1457.16
3905	0.00525219	-1425.02
3910	0.00525219	-1426.89
3915	0.00525219	-1426.89
3920	0.00525219	-1440.51
3925	0.00525219	-1425.63
3930	0.00525219	-1501.87
3935	0.00525219	-1584.78
3940	0.00525219	-1493.31
3945	0.00525219	-1428.04
3950	0.00525219	-1690
3955	0.00525219	-1425.01
3960	0.00525219	-1642.28
3965	0.00525219	-1426.18
3970	0.00525219	-1680.63
3975	0.00525219	-1508.48
3980	0.00525219	-1425.48
3985	0.00525219	-1433.03
3990	0.00525219	-1474.5
3995	0.00525219	-1502.49
4000	0.00525219	-1430.18
4005	0.00525219	-1466.79
4010	0.00525219	-1453.18
4015	0.00525219	-1479.48
4020	0.00525219	-1438.26
4025	0.00525219	-1443.43
4030	0.00525219	-1504.12
4035	0.00525219	-1542.34
4040	0.00525219	-1760.98
4045	0.00525219	-1631.55
4050	0.00525219	-1428.14
4055	0.00525219	-1446.37
4060	0.00525219	-1457.95
4065	0.00525219	-1446.59
4070	0.00525219	-1555.04
4075	0.00525219	-1427.85
4080	0.00525219	-1425.02
4085	0.00525219	-1477.19
4090	0.00525219	-1516.89
4095	0.00525219	-1480.15
4100	0.00525219	-1492.65
4105	0.00525219	-1602.55
4110	0.00525219	-1476.94
4115	0.00525219	-1500.79
4120	0.00525219	-1513.66
4125	0.00525219	-1460.2
4130	0.00525219	-1461.22
4135	0.00525219	-1487.16
4140	0.00525219	-1425.32
4145	0.00525219	-1481.97
4150	0.00525219	-1430.7
4155	0.00525219	-1425.02
4160	0.00525219	-1448.3
4165	0.00525219	-1439.09
4170	0.00525219	-1427.13
4175	0.00525219	-1438.39
4180	0.00525219	-1448.98
4185	0.00525219	-1426.71
4190	0.00525219	-1433.62
4195	0.00525219	-1433.62
4200	0.00525219	-1432.46
4205	0.00525219	-1453.99
4210	0.00525219	-1573.99
4215	0.00525219	-1429.68
4220	0.00525219	-1472.33
4225	0.00525219	-1482.21
4230	0.00525219	-1439.76
4235	0.00525219	-1426.28
4240	0.00525219	-1501.31
4245	0.00525219	-1671.2
4250	0.00525219	-1539.74
4255	0.00525219	-1505.11
4260	0.00525219	-1581.72
4265	0.00525219	-1483.14
4270	0.00525219	-1510.33
4275	0.00525219	-2019.65
4280	0.00525219	-1542.71
4285	0.00525219	-1587.27
4290	0.00525219	-1428.94
4295	0.00525219	-1428.04
4300	0.00525219	-1428.04
4305	0.00525219	-1428.04
4310	0.00525219	-1427.01
4315	0.00525219	-1500.65
4320	0.00525219	-1435.86
4325	0.00525219	-1498.19
4330	0.00525219	-1439.54
4335	0.00525219	-1541.93
4340	0.00525219	-1427.78
4345	0.00525219	-1437.83
4350	0.00525219	-1460.17
4355	0.00525219	-1469.74
4360	0.00525219	-1502.64
4365	0.00525219	-1475.5
4370	0.00525219	-1500.72
4375	0.00525219	-1587.13
4380	0.00525219	-1574.57
4385	0.00525219	-1492.07
4390	0.00525219	-1489.34
4395	0.00525219	-1495.78
4400	0.00525219	-1668.37
4405	0.00525219	-1490.84
4410	0.00525219	-1491.36
4415	0.00525219	-1533.22
4420	0.00525219	-1428.6
4425	0.00525219	-1485.63
4430	0.00525219	-1771.42
4435	0.00525219	-1525.71
4440	0.00525219	-1436.54
4445	0.00525219	-1427.74
4450	0.00525219	-1444.18
4455	0.00525219	-1997.39
4460	0.00525219	-1585.42
4465	0.00525219	-1848.24
4470	0.00525219	-1425.46
4475	0.00525219	-1467.89
4480	0.00525219	-1556.1
4485	0.00525219	-1522.46
4490	0.00525219	-1452.98
4495	0.00525219	-1512.23
4500	0.00525219	-1474.58
4505	0.00525219	-2309.53
4510	0.00525219	-1435.1
4515	0.00525219	-1467.31
4520	0.00525219	-1426.46
4525	0.00525219	-1452.97
4530	0.00525219	-1472.78
4535	0.00525219	-1438.52
4540	0.00525219	-1559.17
4545	0.00525219	-1448.09
4550	0.00525219	-1448.09
4555	0.00525219	-1425.25
4560	0.00525219	-1434.73
4565	0.00525219	-1432.48
4570	0.00525219	-1429.23
4575	0.00525219	-1590.63
4580	0.00525219	-1425.07
4585	0.00525219	-1425.2
4590	0.00525219	-1494.93
4595	0.00525219	-1430.02
4600	0.00525219	-1458.64
4605	0.00525219	-1595.05
4610	0.00525219	-1565.11
4615	0.00525219	-1604.14
4620	0.00525219	-1483.52
4625	0.00525219	-1639.46
4630	0.00525219	-1440.93
4635	0.00525219	-1503.24
4640	0.00525219	-1556.47
4645	0.00525219	-1739.36
4650	0.00525219	-1982.37
4655	0.00525219	-1809.83
4660	0.00525219	-1711.61
4665	0.00525219	-1514.17
4670	0.00525219	-1542.56
4675	0.00525219	-1440.61
4680	0.00525219	-1489.51
4685	0.00525219	-1448.78
4690	0.00525219	-1493.86
4695	0.00525219	-1496.38
4700	0.00525219	-1425.3
4705	0.00525219	-1606.95
4710	0.00525219	-1591.11
4715	0.00525219	-1428.38
4720	0.00525219	-1457.32
4725	0.00525219	-1578.16
4730	0.00525219	-1437.36
4735	0.00525219	-1430.65
4740	0.00525219	-1911.63
4745	0.00525219	-1957.95
4750	0.00525219	-1441.38
4755	0.00525219	-1562.91
4760	0.00525219	-1435.29
4765	0.00525219	-1427.35
4770	0.00525219	-1488
4775	0.00525219	-1600.01
4780	0.00525219	-1509.21
4785	0.00525219	-1453.5
4790	0.00525219	-1445.97
4795	0.00525219	-1426.96
4800	0.00525219	-1483.68
4805	0.00525219	-1482.27
4810	0.00525219	-1455.15
4815	0.00525219	-1430.07
4820	0.00525219	-1693.11
4825	0.00525219	-1637.98
4830	0.00525219	-1428.07
4835	0.00525219	-1438.44
4840	0.00525219	-1680.67
4845	0.00525219	-2029.35
4850	0.00525219	-1561.19
4855	0.00525219	-1546.44
4860	0.00525219	-1430.63
4865	0.00525219	-1476.02
4870	0.00525219	-1495.27
4875	0.00525219	-1436.63
4880	0.00525219	-1429.35
4885	0.00525219	-1425.55
4890	0.00525219	-1614.04
4895	0.00525219	-1442.35
4900	0.00525219	-1442.56
4905	0.00525219	-1433.81
4910	0.00525219	-1669.21
4915	0.00525219	-1551.86
4920	0.00525219	-1426
4925	0.00525219	-1426
4930	0.00525219	-1440.5
4935	0.00525219	-1438.6
4940	0.00525219	-1426.76
4945	0.00525219	-1459.8
4950	0.00525219	-1428.85
4955	0.00525219	-1554.89
4960	0.00525219	-1428.55
4965	0.00525219	-1693.93
4970	0.00525219	-1425.56
4975	0.00525219	-1425.56
4980	0.00525219	-1437.41
4985	0.00525219	-1432.4
4990	0.00525219	-1502.89
4995	0.00525219	-1689.91
5000	0.00525219	-1467.04
