Iteration	Posterior	Likelihood	Prior	T
0	-1292.198	-1289.202	-2.995732	13.69823
10	-1292.736	-1289.74	-2.995732	15.06611
20	-1291.8	-1288.804	-2.995732	7.025885
30	-1291.408	-1288.412	-2.995732	8.574765
40	-1291.572	-1288.576	-2.995732	11.48819
50	-1291.368	-1288.372	-2.995732	9.025664
60	-1291.518	-1288.523	-2.995732	7.932201
70	-1292.587	-1289.592	-2.995732	5.663533
80	-1291.854	-1288.858	-2.995732	6.897397
90	-1291.439	-1288.443	-2.995732	10.69761
100	-1291.421	-1288.425	-2.995732	8.475227
110	-1291.418	-1288.422	-2.995732	10.52902
120	-1292.258	-1289.262	-2.995732	13.86289
130	-1291.38	-1288.384	-2.995732	10.13115
140	-1291.446	-1288.451	-2.995732	10.75325
150	-1291.358	-1288.362	-2.995732	9.253947
160	-1291.446	-1288.45	-2.995732	8.306299
170	-1291.416	-1288.42	-2.995732	8.511665
180	-1293.597	-1290.601	-2.995732	16.9044
190	-1291.537	-1288.542	-2.995732	11.31228
200	-1291.364	-1288.368	-2.995732	9.099933
210	-1291.761	-1288.766	-2.995732	7.12438
220	-1291.914	-1288.918	-2.995732	12.83467
230	-1291.731	-1288.735	-2.995732	12.18041
240	-1292.657	-1289.661	-2.995732	5.575693
250	-1291.699	-1288.704	-2.995732	12.05594
260	-1291.691	-1288.695	-2.995732	12.02245
270	-1291.386	-1288.39	-2.995732	8.785128
280	-1291.376	-1288.38	-2.995732	8.905667
290	-1294.003	-1291.007	-2.995732	4.320152
300	-1291.556	-1288.56	-2.995732	7.775026
310	-1291.379	-1288.384	-2.995732	8.856978
320	-1291.523	-1288.527	-2.995732	11.23319
330	-1292.138	-1289.143	-2.995732	13.52791
340	-1291.359	-1288.363	-2.995732	9.221118
350	-1291.358	-1288.362	-2.995732	9.263005
360	-1291.357	-1288.361	-2.995732	9.656086
370	-1292.139	-1289.143	-2.995732	13.52941
380	-1291.393	-1288.398	-2.995732	10.29066
390	-1291.374	-1288.378	-2.995732	8.935415
400	-1292.464	-1289.468	-2.995732	14.40571
410	-1292.894	-1289.899	-2.995732	15.43003
420	-1291.428	-1288.432	-2.995732	8.425692
430	-1293.373	-1290.377	-2.995732	16.45392
440	-1291.403	-1288.407	-2.995732	10.39273
450	-1291.897	-1288.901	-2.995732	12.77849
460	-1293.154	-1290.158	-2.995732	15.99648
470	-1291.599	-1288.603	-2.995732	11.61841
480	-1291.67	-1288.674	-2.995732	7.382474
490	-1292.808	-1289.813	-2.995732	15.23478
500	-1292.324	-1289.328	-2.995732	6.029258
510	-1291.809	-1288.813	-2.995732	12.47416
520	-1291.702	-1288.706	-2.995732	12.06673
530	-1292.06	-1289.064	-2.995732	6.471003
540	-1293.098	-1290.103	-2.995732	15.87853
550	-1291.403	-1288.407	-2.995732	8.618429
560	-1291.52	-1288.524	-2.995732	7.92588
570	-1291.613	-1288.618	-2.995732	7.564213
580	-1291.365	-1288.369	-2.995732	9.07823
590	-1291.859	-1288.864	-2.995732	12.65088
600	-1291.41	-1288.414	-2.995732	10.45438
610	-1293.255	-1290.259	-2.995732	4.934638
620	-1291.399	-1288.403	-2.995732	8.65046
630	-1291.375	-1288.38	-2.995732	10.06463
640	-1291.543	-1288.547	-2.995732	7.82732
650	-1291.748	-1288.752	-2.995732	7.159944
660	-1291.792	-1288.796	-2.995732	7.046375
670	-1292.349	-1289.354	-2.995732	5.99155
680	-1291.521	-1288.525	-2.995732	11.22373
690	-1292.567	-1289.571	-2.995732	14.66294
700	-1291.365	-1288.369	-2.995732	9.876409
710	-1291.89	-1288.894	-2.995732	6.816111
720	-1292.023	-1289.028	-2.995732	6.540438
730	-1292.054	-1289.058	-2.995732	6.48236
740	-1291.864	-1288.868	-2.995732	6.874046
750	-1291.436	-1288.441	-2.995732	8.367743
760	-1291.602	-1288.606	-2.995732	11.63193
770	-1291.389	-1288.393	-2.995732	10.23846
780	-1292.267	-1289.271	-2.995732	6.117369
790	-1291.38	-1288.384	-2.995732	8.853679
800	-1291.472	-1288.476	-2.995732	8.158881
810	-1291.381	-1288.385	-2.995732	10.1409
820	-1294.684	-1291.688	-2.995732	18.9115
830	-1292.215	-1289.219	-2.995732	13.74478
840	-1291.855	-1288.859	-2.995732	12.63638
850	-1291.667	-1288.671	-2.995732	7.391331
860	-1292.149	-1289.153	-2.995732	13.5578
870	-1291.405	-1288.41	-2.995732	8.595994
880	-1292.163	-1289.167	-2.995732	6.287922
890	-1291.403	-1288.407	-2.995732	10.39294
900	-1291.804	-1288.808	-2.995732	12.45364
910	-1291.546	-1288.55	-2.995732	11.3563
920	-1291.395	-1288.399	-2.995732	8.693207
930	-1291.423	-1288.427	-2.995732	8.461859
940	-1291.391	-1288.396	-2.995732	8.724986
950	-1292.006	-1289.011	-2.995732	13.13147
960	-1291.357	-1288.362	-2.995732	9.284198
970	-1291.667	-1288.671	-2.995732	11.92199
980	-1291.657	-1288.661	-2.995732	7.422871
990	-1291.355	-1288.36	-2.995732	9.554032
1000	-1291.948	-1288.953	-2.995732	12.94825
1010	-1292.98	-1289.984	-2.995732	15.62073
1020	-1291.968	-1288.973	-2.995732	13.01203
1030	-1291.408	-1288.413	-2.995732	8.569891
1040	-1292.072	-1289.077	-2.995732	13.33297
1050	-1291.786	-1288.79	-2.995732	12.38867
1060	-1291.639	-1288.643	-2.995732	7.479886
1070	-1292.626	-1289.63	-2.995732	14.80539
1080	-1295.224	-1292.228	-2.995732	19.83053
1090	-1291.435	-1288.439	-2.995732	10.66891
1100	-1291.37	-1288.374	-2.995732	9.983474
1110	-1292.134	-1289.138	-2.995732	13.51369
1120	-1291.591	-1288.595	-2.995732	7.642715
1130	-1291.723	-1288.727	-2.995732	12.14902
1140	-1291.378	-1288.382	-2.995732	8.87964
1150	-1291.563	-1288.567	-2.995732	11.44409
1160	-1291.724	-1288.728	-2.995732	7.226082
1170	-1292.786	-1289.79	-2.995732	15.18292
1180	-1291.432	-1288.436	-2.995732	8.398991
1190	-1291.539	-1288.543	-2.995732	7.845534
1200	-1291.459	-1288.463	-2.995732	10.8401
1210	-1291.367	-1288.372	-2.995732	9.934046
1220	-1291.492	-1288.496	-2.995732	11.05382
1230	-1292.028	-1289.032	-2.995732	6.531537
1240	-1291.407	-1288.411	-2.995732	10.42838
1250	-1291.36	-1288.364	-2.995732	9.193322
1260	-1291.518	-1288.522	-2.995732	11.20478
1270	-1291.355	-1288.359	-2.995732	9.496098
1280	-1291.541	-1288.545	-2.995732	11.32891
1290	-1291.742	-1288.747	-2.995732	12.22511
1300	-1291.515	-1288.519	-2.995732	7.94941
1310	-1291.454	-1288.459	-2.995732	8.256413
1320	-1291.395	-1288.399	-2.995732	8.690616
1330	-1292.495	-1289.499	-2.995732	5.785234
1340	-1291.614	-1288.619	-2.995732	7.561234
1350	-1291.356	-1288.36	-2.995732	9.345745
1360	-1291.637	-1288.641	-2.995732	11.79142
1370	-1291.519	-1288.523	-2.995732	7.928546
1380	-1292.47	-1289.475	-2.995732	5.818668
1390	-1292.426	-1289.431	-2.995732	14.30979
1400	-1291.91	-1288.914	-2.995732	12.82114
1410	-1291.749	-1288.754	-2.995732	12.25257
1420	-1291.358	-1288.363	-2.995732	9.242267
1430	-1292.285	-1289.289	-2.995732	13.93779
1440	-1291.355	-1288.36	-2.995732	9.552753
1450	-1291.695	-1288.699	-2.995732	7.308434
1460	-1291.377	-1288.381	-2.995732	10.08898
1470	-1294.007	-1291.011	-2.995732	17.69209
1480	-1291.508	-1288.512	-2.995732	7.978725
1490	-1291.4	-1288.404	-2.995732	10.35978
1500	-1292.91	-1289.914	-2.995732	15.46422
1510	-1291.37	-1288.375	-2.995732	8.982022
1520	-1291.873	-1288.878	-2.995732	12.69915
1530	-1291.382	-1288.386	-2.995732	10.15873
1540	-1291.418	-1288.422	-2.995732	8.49858
1550	-1291.356	-1288.361	-2.995732	9.628928
1560	-1292.032	-1289.036	-2.995732	13.21032
1570	-1291.526	-1288.53	-2.995732	11.24874
1580	-1291.584	-1288.589	-2.995732	7.667287
1590	-1291.444	-1288.449	-2.995732	10.73815
1600	-1291.38	-1288.384	-2.995732	10.12956
1610	-1292.066	-1289.071	-2.995732	13.31524
1620	-1291.386	-1288.39	-2.995732	8.781707
1630	-1291.369	-1288.374	-2.995732	9.96747
1640	-1291.723	-1288.727	-2.995732	12.14822
1650	-1292.139	-1289.143	-2.995732	6.329229
1660	-1292.258	-1289.263	-2.995732	13.86542
1670	-1291.792	-1288.796	-2.995732	12.41162
1680	-1291.608	-1288.612	-2.995732	7.583193
1690	-1294.873	-1291.877	-2.995732	3.763383
1700	-1291.428	-1288.432	-2.995732	10.61131
1710	-1291.57	-1288.574	-2.995732	11.48021
1720	-1291.514	-1288.518	-2.995732	7.953142
1730	-1291.372	-1288.376	-2.995732	10.00826
1740	-1291.442	-1288.446	-2.995732	8.332538
1750	-1292.517	-1289.521	-2.995732	14.53852
1760	-1291.405	-1288.409	-2.995732	10.40788
1770	-1291.372	-1288.377	-2.995732	10.01829
1780	-1291.429	-1288.433	-2.995732	8.416812
1790	-1292.196	-1289.2	-2.995732	6.231903
1800	-1292.476	-1289.48	-2.995732	5.811585
1810	-1292.768	-1289.772	-2.995732	5.44296
1820	-1291.38	-1288.384	-2.995732	8.850102
1830	-1291.642	-1288.647	-2.995732	11.81577
1840	-1291.402	-1288.406	-2.995732	8.627171
1850	-1292.491	-1289.496	-2.995732	14.4753
1860	-1291.663	-1288.667	-2.995732	11.90525
1870	-1292.385	-1289.389	-2.995732	14.20265
1880	-1291.756	-1288.761	-2.995732	7.137381
1890	-1291.362	-1288.367	-2.995732	9.829553
1900	-1291.445	-1288.45	-2.995732	10.74613
1910	-1291.534	-1288.538	-2.995732	11.29394
1920	-1291.38	-1288.385	-2.995732	10.13732
1930	-1291.514	-1288.518	-2.995732	11.18502
1940	-1292.642	-1289.646	-2.995732	5.594289
1950	-1291.42	-1288.424	-2.995732	10.54812
1960	-1292.234	-1289.238	-2.995732	13.79783
1970	-1292.369	-1289.373	-2.995732	14.16182
1980	-1291.403	-1288.407	-2.995732	10.38762
1990	-1291.837	-1288.841	-2.995732	12.57156
2000	-1291.356	-1288.36	-2.995732	9.35206
2010	-1291.355	-1288.359	-2.995732	9.531507
2020	-1295.232	-1292.236	-2.995732	19.84322
2030	-1291.478	-1288.482	-2.995732	10.96537
2040	-1291.559	-1288.564	-2.995732	7.761243
2050	-1294.916	-1291.92	-2.995732	3.73908
2060	-1291.535	-1288.539	-2.995732	11.29958
2070	-1291.815	-1288.82	-2.995732	12.49579
2080	-1291.387	-1288.391	-2.995732	8.773916
2090	-1291.377	-1288.382	-2.995732	10.09263
2100	-1291.687	-1288.691	-2.995732	12.0032
2110	-1293.149	-1290.153	-2.995732	15.98646
2120	-1291.757	-1288.761	-2.995732	12.2802
2130	-1291.355	-1288.359	-2.995732	9.533571
2140	-1291.555	-1288.559	-2.995732	11.40403
2150	-1292.11	-1289.114	-2.995732	13.44513
2160	-1291.373	-1288.377	-2.995732	10.02863
2170	-1291.929	-1288.933	-2.995732	6.730436
2180	-1291.359	-1288.363	-2.995732	9.223208
2190	-1291.885	-1288.889	-2.995732	12.73871
2200	-1291.648	-1288.652	-2.995732	11.84133
2210	-1292.6	-1289.605	-2.995732	14.7438
2220	-1291.355	-1288.36	-2.995732	9.549906
2230	-1294.843	-1291.847	-2.995732	19.18641
2240	-1291.886	-1288.89	-2.995732	6.824057
2250	-1291.43	-1288.434	-2.995732	8.410931
2260	-1291.364	-1288.369	-2.995732	9.088032
2270	-1291.408	-1288.413	-2.995732	10.44123
2280	-1292.094	-1289.098	-2.995732	13.39686
2290	-1291.578	-1288.582	-2.995732	11.51687
2300	-1291.359	-1288.364	-2.995732	9.744022
2310	-1291.356	-1288.36	-2.995732	9.607893
2320	-1291.841	-1288.845	-2.995732	12.58593
2330	-1291.889	-1288.893	-2.995732	6.818395
2340	-1291.37	-1288.374	-2.995732	8.988357
2350	-1291.409	-1288.413	-2.995732	8.569538
2360	-1293.026	-1290.03	-2.995732	5.159739
2370	-1291.383	-1288.387	-2.995732	10.17078
2380	-1291.699	-1288.704	-2.995732	7.294738
2390	-1291.379	-1288.384	-2.995732	8.855938
2400	-1291.625	-1288.629	-2.995732	11.73738
2410	-1291.797	-1288.801	-2.995732	12.42986
2420	-1291.857	-1288.861	-2.995732	6.889378
2430	-1291.587	-1288.592	-2.995732	7.655911
2440	-1291.839	-1288.843	-2.995732	12.57911
2450	-1292.417	-1289.421	-2.995732	14.28488
2460	-1291.368	-1288.372	-2.995732	9.93804
2470	-1291.963	-1288.967	-2.995732	6.660888
2480	-1292.044	-1289.049	-2.995732	13.24857
2490	-1291.698	-1288.702	-2.995732	12.05051
2500	-1291.424	-1288.428	-2.995732	8.455064
2510	-1291.67	-1288.674	-2.995732	11.93483
2520	-1291.362	-1288.366	-2.995732	9.14955
2530	-1291.879	-1288.883	-2.995732	6.839452
2540	-1294.977	-1291.982	-2.995732	19.41571
2550	-1291.364	-1288.368	-2.995732	9.100191
2560	-1291.374	-1288.378	-2.995732	10.04208
2570	-1291.556	-1288.56	-2.995732	11.40991
2580	-1291.357	-1288.361	-2.995732	9.310034
2590	-1291.368	-1288.373	-2.995732	9.015742
2600	-1291.4	-1288.404	-2.995732	8.645183
2610	-1293.389	-1290.393	-2.995732	4.812347
2620	-1291.401	-1288.405	-2.995732	10.36758
2630	-1291.375	-1288.379	-2.995732	8.92019
2640	-1292.806	-1289.81	-2.995732	5.398722
2650	-1291.703	-1288.707	-2.995732	12.069
2660	-1291.357	-1288.361	-2.995732	9.646715
2670	-1291.515	-1288.519	-2.995732	11.19003
2680	-1291.387	-1288.391	-2.995732	8.769136
2690	-1291.738	-1288.742	-2.995732	7.187552
2700	-1291.661	-1288.665	-2.995732	11.89671
2710	-1292.774	-1289.779	-2.995732	15.15591
2720	-1291.361	-1288.366	-2.995732	9.805299
2730	-1291.947	-1288.951	-2.995732	6.692522
2740	-1292.452	-1289.457	-2.995732	5.843574
2750	-1291.622	-1288.626	-2.995732	7.534935
2760	-1291.431	-1288.436	-2.995732	10.63909
2770	-1293.72	-1290.724	-2.995732	17.14483
2780	-1291.651	-1288.655	-2.995732	11.85207
2790	-1291.374	-1288.379	-2.995732	8.921607
2800	-1291.355	-1288.359	-2.995732	9.488433
2810	-1292.065	-1289.069	-2.995732	13.31112
2820	-1291.655	-1288.659	-2.995732	11.86944
2830	-1292.121	-1289.126	-2.995732	13.47849
2840	-1293.549	-1290.553	-2.995732	16.80923
2850	-1291.709	-1288.713	-2.995732	12.09262
2860	-1291.357	-1288.361	-2.995732	9.313469
2870	-1291.513	-1288.518	-2.995732	11.17959
2880	-1291.46	-1288.464	-2.995732	10.84695
2890	-1292.001	-1289.006	-2.995732	6.583117
2900	-1292.118	-1289.122	-2.995732	6.366533
2910	-1291.586	-1288.59	-2.995732	11.55606
2920	-1292.366	-1289.371	-2.995732	14.15424
2930	-1291.355	-1288.359	-2.995732	9.488595
2940	-1291.362	-1288.366	-2.995732	9.136103
2950	-1291.494	-1288.498	-2.995732	8.045794
2960	-1291.451	-1288.455	-2.995732	8.278087
2970	-1291.681	-1288.685	-2.995732	7.349519
2980	-1291.362	-1288.366	-2.995732	9.152504
2990	-1291.404	-1288.408	-2.995732	8.611175
3000	-1291.579	-1288.584	-2.995732	11.52608
3010	-1292.069	-1289.073	-2.995732	13.32246
3020	-1291.372	-1288.376	-2.995732	10.01523
3030	-1291.463	-1288.467	-2.995732	10.87007
3040	-1291.394	-1288.398	-2.995732	10.29307
3050	-1291.579	-1288.583	-2.995732	11.52343
3060	-1292.036	-1289.041	-2.995732	13.22448
3070	-1291.435	-1288.44	-2.995732	10.67082
3080	-1293.1	-1290.104	-2.995732	15.88193
3090	-1291.388	-1288.392	-2.995732	8.760657
3100	-1291.359	-1288.363	-2.995732	9.224875
3110	-1291.37	-1288.374	-2.995732	8.988941
3120	-1291.616	-1288.62	-2.995732	11.69693
3130	-1291.485	-1288.489	-2.995732	8.089666
3140	-1291.542	-1288.546	-2.995732	7.83045
3150	-1291.377	-1288.381	-2.995732	10.09116
3160	-1291.382	-1288.386	-2.995732	10.15244
3170	-1291.367	-1288.371	-2.995732	9.037836
3180	-1292.203	-1289.207	-2.995732	6.220596
3190	-1291.755	-1288.76	-2.995732	12.27494
3200	-1291.452	-1288.456	-2.995732	8.272239
3210	-1292.054	-1289.058	-2.995732	6.482939
3220	-1291.359	-1288.363	-2.995732	9.734181
3230	-1291.963	-1288.967	-2.995732	12.99501
3240	-1291.363	-1288.367	-2.995732	9.836116
3250	-1291.539	-1288.544	-2.995732	7.842159
3260	-1291.429	-1288.433	-2.995732	10.61932
3270	-1291.414	-1288.418	-2.995732	10.49464
3280	-1292.631	-1289.635	-2.995732	14.81776
3290	-1291.425	-1288.429	-2.995732	8.443987
3300	-1291.377	-1288.382	-2.995732	10.09455
3310	-1292.605	-1289.609	-2.995732	14.75408
3320	-1291.374	-1288.379	-2.995732	10.05148
3330	-1294.27	-1291.274	-2.995732	4.134707
3340	-1291.557	-1288.562	-2.995732	7.769522
3350	-1292.177	-1289.181	-2.995732	6.264124
3360	-1293.127	-1290.131	-2.995732	15.93977
3370	-1292.851	-1289.855	-2.995732	15.33165
3380	-1292.388	-1289.392	-2.995732	5.935126
3390	-1291.36	-1288.364	-2.995732	9.757772
3400	-1291.403	-1288.407	-2.995732	10.39293
3410	-1291.551	-1288.555	-2.995732	11.38372
3420	-1295.599	-1292.604	-2.995732	3.384378
3430	-1293.299	-1290.303	-2.995732	4.894043
3440	-1293.113	-1290.117	-2.995732	15.90926
3450	-1291.878	-1288.883	-2.995732	12.71568
3460	-1291.534	-1288.538	-2.995732	7.864836
3470	-1291.66	-1288.664	-2.995732	11.89034
3480	-1294.597	-1291.601	-2.995732	18.75918
3490	-1291.907	-1288.911	-2.995732	6.777875
3500	-1291.63	-1288.634	-2.995732	7.50838
3510	-1292.404	-1289.408	-2.995732	5.91195
3520	-1292.425	-1289.429	-2.995732	5.882634
3530	-1291.49	-1288.495	-2.995732	8.063832
3540	-1291.477	-1288.481	-2.995732	10.96295
3550	-1291.355	-1288.36	-2.995732	9.398936
3560	-1291.355	-1288.359	-2.995732	9.438846
3570	-1293.392	-1290.396	-2.995732	16.49231
3580	-1291.424	-1288.428	-2.995732	8.453959
3590	-1291.405	-1288.41	-2.995732	10.41411
3600	-1292.143	-1289.147	-2.995732	13.5409
3610	-1291.37	-1288.374	-2.995732	9.97605
3620	-1291.355	-1288.359	-2.995732	9.471027
3630	-1291.392	-1288.396	-2.995732	10.27437
3640	-1292.298	-1289.302	-2.995732	6.069766
3650	-1291.962	-1288.967	-2.995732	12.99264
3660	-1291.609	-1288.613	-2.995732	11.66604
3670	-1291.373	-1288.378	-2.995732	10.0348
3680	-1291.423	-1288.427	-2.995732	8.457583
3690	-1291.359	-1288.363	-2.995732	9.738006
3700	-1291.409	-1288.414	-2.995732	10.45177
3710	-1291.369	-1288.373	-2.995732	9.967273
3720	-1291.355	-1288.359	-2.995732	9.531957
3730	-1291.371	-1288.375	-2.995732	8.980186
3740	-1291.504	-1288.509	-2.995732	7.995512
3750	-1291.379	-1288.383	-2.995732	10.11148
3760	-1291.484	-1288.488	-2.995732	8.096323
3770	-1292.556	-1289.56	-2.995732	14.63533
3780	-1291.581	-1288.585	-2.995732	11.53404
3790	-1291.39	-1288.394	-2.995732	10.25106
3800	-1292.888	-1289.892	-2.995732	15.41601
3810	-1293.115	-1290.119	-2.995732	5.070278
3820	-1292.256	-1289.26	-2.995732	6.135045
3830	-1291.361	-1288.365	-2.995732	9.171288
3840	-1291.444	-1288.449	-2.995732	10.73913
3850	-1291.401	-1288.405	-2.995732	8.636125
3860	-1292.142	-1289.146	-2.995732	13.53763
3870	-1292.163	-1289.167	-2.995732	13.59786
3880	-1291.613	-1288.618	-2.995732	11.68689
3890	-1293.245	-1290.249	-2.995732	4.944504
3900	-1292.031	-1289.036	-2.995732	6.525218
3910	-1291.565	-1288.569	-2.995732	7.741246
3920	-1292.449	-1289.453	-2.995732	14.36727
3930	-1292.144	-1289.148	-2.995732	6.320464
3940	-1291.357	-1288.361	-2.995732	9.653805
3950	-1291.552	-1288.556	-2.995732	11.38811
3960	-1292.209	-1289.213	-2.995732	6.210889
3970	-1291.356	-1288.36	-2.995732	9.339791
3980	-1291.902	-1288.906	-2.995732	6.789259
3990	-1291.603	-1288.607	-2.995732	7.600397
4000	-1291.593	-1288.597	-2.995732	11.59131
4010	-1292.698	-1289.702	-2.995732	14.97734
4020	-1291.661	-1288.665	-2.995732	11.8944
4030	-1291.6	-1288.604	-2.995732	11.62294
4040	-1292.637	-1289.641	-2.995732	14.83209
4050	-1295.025	-1292.029	-2.995732	19.49675
4060	-1291.623	-1288.627	-2.995732	11.72931
4070	-1291.406	-1288.41	-2.995732	10.41579
4080	-1292.519	-1289.524	-2.995732	5.752321
4090	-1291.388	-1288.393	-2.995732	10.23575
4100	-1291.368	-1288.372	-2.995732	9.022561
4110	-1291.357	-1288.362	-2.995732	9.672096
4120	-1291.379	-1288.383	-2.995732	10.11911
4130	-1294.311	-1291.316	-2.995732	4.107154
4140	-1291.355	-1288.359	-2.995732	9.535365
4150	-1291.433	-1288.437	-2.995732	8.392037
4160	-1291.683	-1288.688	-2.995732	11.98974
4170	-1291.574	-1288.578	-2.995732	11.49756
4180	-1291.359	-1288.363	-2.995732	9.219256
4190	-1291.475	-1288.48	-2.995732	8.138976
4200	-1293.099	-1290.104	-2.995732	15.88054
4210	-1292.299	-1289.303	-2.995732	13.97469
4220	-1291.508	-1288.513	-2.995732	11.15126
4230	-1291.432	-1288.436	-2.995732	8.397806
4240	-1291.435	-1288.44	-2.995732	10.67102
4250	-1292.12	-1289.124	-2.995732	6.362734
4260	-1291.421	-1288.425	-2.995732	8.474451
4270	-1291.396	-1288.4	-2.995732	10.31954
4280	-1291.407	-1288.411	-2.995732	8.58529
4290	-1291.796	-1288.801	-2.995732	12.42722
4300	-1291.361	-1288.366	-2.995732	9.803678
4310	-1291.429	-1288.433	-2.995732	10.61696
4320	-1291.45	-1288.454	-2.995732	8.28326
4330	-1292.625	-1289.63	-2.995732	14.80445
4340	-1291.626	-1288.63	-2.995732	7.522482
4350	-1293.094	-1290.098	-2.995732	15.86799
4360	-1291.662	-1288.667	-2.995732	11.90213
4370	-1291.738	-1288.743	-2.995732	12.20994
4380	-1291.739	-1288.743	-2.995732	7.183799
4390	-1291.594	-1288.598	-2.995732	7.633815
4400	-1291.745	-1288.749	-2.995732	12.2357
4410	-1291.476	-1288.481	-2.995732	10.9576
4420	-1291.356	-1288.36	-2.995732	9.350208
4430	-1292.169	-1289.173	-2.995732	6.278141
4440	-1291.925	-1288.93	-2.995732	12.87331
4450	-1291.363	-1288.368	-2.995732	9.849523
4460	-1291.849	-1288.853	-2.995732	12.61578
4470	-1291.442	-1288.446	-2.995732	8.330706
4480	-1291.495	-1288.499	-2.995732	8.039864
4490	-1293.086	-1290.09	-2.995732	5.098711
4500	-1291.75	-1288.754	-2.995732	12.2539
4510	-1291.394	-1288.398	-2.995732	8.702126
4520	-1291.374	-1288.379	-2.995732	10.0521
4530	-1291.403	-1288.408	-2.995732	10.39444
4540	-1291.39	-1288.394	-2.995732	8.736797
4550	-1293.467	-1290.471	-2.995732	4.743923
4560	-1291.496	-1288.501	-2.995732	8.034609
4570	-1292.365	-1289.369	-2.995732	5.968159
4580	-1291.477	-1288.481	-2.995732	10.9613
4590	-1291.391	-1288.395	-2.995732	10.26481
4600	-1291.435	-1288.439	-2.995732	8.376506
4610	-1291.361	-1288.365	-2.995732	9.793801
4620	-1291.362	-1288.366	-2.995732	9.817807
4630	-1291.734	-1288.738	-2.995732	12.1913
4640	-1291.444	-1288.449	-2.995732	10.73923
4650	-1292.243	-1289.247	-2.995732	13.82248
4660	-1291.482	-1288.486	-2.995732	10.99384
4670	-1291.372	-1288.376	-2.995732	8.963565
4680	-1291.77	-1288.775	-2.995732	12.33106
4690	-1291.374	-1288.378	-2.995732	8.929587
4700	-1291.439	-1288.444	-2.995732	8.348044
4710	-1292.977	-1289.982	-2.995732	5.210701
4720	-1291.364	-1288.368	-2.995732	9.093965
4730	-1291.46	-1288.464	-2.995732	8.22332
4740	-1291.375	-1288.379	-2.995732	10.05337
4750	-1293.078	-1290.082	-2.995732	5.106784
4760	-1291.842	-1288.846	-2.995732	6.925067
4770	-1291.457	-1288.461	-2.995732	8.242611
4780	-1291.987	-1288.992	-2.995732	13.07238
4790	-1291.377	-1288.381	-2.995732	8.885715
4800	-1291.689	-1288.693	-2.995732	7.324368
4810	-1291.689	-1288.693	-2.995732	12.01413
4820	-1291.367	-1288.372	-2.995732	9.034244
4830	-1292.266	-1289.271	-2.995732	13.88667
4840	-1291.429	-1288.434	-2.995732	10.62271
4850	-1291.43	-1288.434	-2.995732	10.62603
4860	-1291.547	-1288.551	-2.995732	11.36386
4870	-1291.384	-1288.388	-2.995732	8.807195
4880	-1292.006	-1289.011	-2.995732	13.13184
4890	-1291.396	-1288.4	-2.995732	8.67793
4900	-1291.634	-1288.638	-2.995732	7.496245
4910	-1291.417	-1288.422	-2.995732	10.5235
4920	-1291.851	-1288.855	-2.995732	12.62247
4930	-1291.535	-1288.54	-2.995732	11.30087
4940	-1293.267	-1290.271	-2.995732	16.23535
4950	-1291.474	-1288.478	-2.995732	10.94038
4960	-1291.843	-1288.847	-2.995732	12.59265
4970	-1292.456	-1289.46	-2.995732	14.38625
4980	-1291.705	-1288.709	-2.995732	12.07745
4990	-1291.607	-1288.611	-2.995732	11.65804
5000	-1291.699	-1288.703	-2.995732	12.05388
5010	-1292.377	-1289.381	-2.995732	14.18236
5020	-1291.835	-1288.839	-2.995732	6.940717
5030	-1291.563	-1288.567	-2.995732	7.7477
5040	-1291.827	-1288.831	-2.995732	12.53778
5050	-1291.738	-1288.742	-2.995732	7.186933
5060	-1291.553	-1288.557	-2.995732	7.787939
5070	-1291.367	-1288.371	-2.995732	9.92076
5080	-1291.416	-1288.421	-2.995732	10.51467
5090	-1292.077	-1289.081	-2.995732	6.439412
5100	-1291.577	-1288.581	-2.995732	11.51217
5110	-1291.577	-1288.581	-2.995732	11.51473
5120	-1292.014	-1289.018	-2.995732	13.15473
5130	-1291.355	-1288.36	-2.995732	9.560889
5140	-1291.362	-1288.366	-2.995732	9.816947
5150	-1291.433	-1288.437	-2.995732	8.391815
5160	-1292.606	-1289.61	-2.995732	14.75655
5170	-1291.359	-1288.363	-2.995732	9.216694
5180	-1291.416	-1288.42	-2.995732	10.50734
5190	-1291.659	-1288.663	-2.995732	11.88728
5200	-1291.99	-1288.995	-2.995732	13.08161
5210	-1292.529	-1289.534	-2.995732	5.739162
5220	-1291.358	-1288.362	-2.995732	9.254713
5230	-1291.685	-1288.689	-2.995732	7.336627
5240	-1291.847	-1288.851	-2.995732	6.912507
5250	-1291.37	-1288.374	-2.995732	8.995902
5260	-1292.084	-1289.088	-2.995732	13.36872
5270	-1291.648	-1288.653	-2.995732	11.84245
5280	-1292.331	-1289.335	-2.995732	6.019729
5290	-1292.878	-1289.882	-2.995732	15.39342
5300	-1292.31	-1289.314	-2.995732	6.050558
5310	-1291.819	-1288.824	-2.995732	6.978334
5320	-1292.594	-1289.599	-2.995732	14.72948
5330	-1291.355	-1288.36	-2.995732	9.551771
5340	-1291.422	-1288.426	-2.995732	10.56405
5350	-1291.359	-1288.364	-2.995732	9.209013
5360	-1291.666	-1288.67	-2.995732	11.91663
5370	-1292.995	-1290	-2.995732	15.65403
5380	-1291.467	-1288.471	-2.995732	10.89603
5390	-1291.672	-1288.677	-2.995732	11.94401
5400	-1291.406	-1288.41	-2.995732	8.59267
5410	-1291.618	-1288.622	-2.995732	7.550146
5420	-1291.614	-1288.618	-2.995732	11.68749
5430	-1291.514	-1288.518	-2.995732	7.953656
5440	-1291.381	-1288.385	-2.995732	8.838858
5450	-1291.363	-1288.367	-2.995732	9.11588
5460	-1292.312	-1289.316	-2.995732	14.00911
5470	-1292.096	-1289.1	-2.995732	13.40409
5480	-1291.358	-1288.362	-2.995732	9.270732
5490	-1292.449	-1289.453	-2.995732	5.848493
5500	-1291.533	-1288.537	-2.995732	7.869691
5510	-1292.6	-1289.604	-2.995732	14.74326
5520	-1291.389	-1288.394	-2.995732	8.743855
5530	-1292.017	-1289.021	-2.995732	13.16536
5540	-1291.36	-1288.364	-2.995732	9.198344
5550	-1291.357	-1288.361	-2.995732	9.307397
5560	-1291.501	-1288.505	-2.995732	11.10876
5570	-1291.399	-1288.403	-2.995732	8.649991
5580	-1291.518	-1288.522	-2.995732	7.93313
5590	-1291.526	-1288.53	-2.995732	11.25095
5600	-1291.818	-1288.822	-2.995732	6.982438
5610	-1291.409	-1288.413	-2.995732	10.44617
5620	-1291.378	-1288.383	-2.995732	8.870136
5630	-1291.462	-1288.466	-2.995732	10.86241
5640	-1291.381	-1288.385	-2.995732	8.837478
5650	-1291.657	-1288.662	-2.995732	7.420317
5660	-1291.364	-1288.369	-2.995732	9.086465
5670	-1291.853	-1288.857	-2.995732	12.62843
5680	-1291.637	-1288.641	-2.995732	11.79267
5690	-1291.513	-1288.518	-2.995732	7.954574
5700	-1291.388	-1288.393	-2.995732	8.755765
5710	-1291.398	-1288.402	-2.995732	8.663518
5720	-1291.475	-1288.479	-2.995732	10.94725
5730	-1292.873	-1289.877	-2.995732	15.38145
5740	-1291.532	-1288.536	-2.995732	7.873964
5750	-1291.363	-1288.367	-2.995732	9.83789
5760	-1291.417	-1288.422	-2.995732	10.5237
5770	-1292.399	-1289.403	-2.995732	14.23958
5780	-1294.214	-1291.219	-2.995732	18.07484
5790	-1292.8	-1289.804	-2.995732	15.21582
5800	-1291.785	-1288.789	-2.995732	7.064001
5810	-1291.927	-1288.931	-2.995732	12.87709
5820	-1292.041	-1289.045	-2.995732	6.507319
5830	-1292.645	-1289.649	-2.995732	14.85059
5840	-1291.613	-1288.617	-2.995732	11.68455
5850	-1291.54	-1288.544	-2.995732	7.839576
5860	-1291.38	-1288.384	-2.995732	8.850729
5870	-1291.665	-1288.669	-2.995732	7.396586
5880	-1291.801	-1288.806	-2.995732	12.44527
5890	-1291.561	-1288.565	-2.995732	11.43262
5900	-1291.846	-1288.85	-2.995732	12.60401
5910	-1291.454	-1288.458	-2.995732	10.80845
5920	-1291.497	-1288.502	-2.995732	11.08726
5930	-1292.246	-1289.251	-2.995732	13.83228
5940	-1291.412	-1288.417	-2.995732	10.47915
5950	-1291.475	-1288.479	-2.995732	8.141461
5960	-1291.922	-1288.926	-2.995732	12.86145
5970	-1292.804	-1289.809	-2.995732	15.22507
5980	-1291.426	-1288.43	-2.995732	10.59412
5990	-1291.663	-1288.667	-2.995732	7.403745
6000	-1291.508	-1288.512	-2.995732	11.14958
6010	-1291.37	-1288.374	-2.995732	8.994016
6020	-1292.316	-1289.321	-2.995732	14.02227
6030	-1291.367	-1288.371	-2.995732	9.920389
6040	-1291.539	-1288.543	-2.995732	11.31838
6050	-1291.463	-1288.467	-2.995732	10.86675
6060	-1291.493	-1288.498	-2.995732	11.06286
6070	-1291.446	-1288.45	-2.995732	10.74836
6080	-1293.434	-1290.438	-2.995732	16.57794
6090	-1291.618	-1288.622	-2.995732	7.548676
6100	-1291.364	-1288.369	-2.995732	9.871464
6110	-1291.585	-1288.589	-2.995732	11.55128
6120	-1291.358	-1288.362	-2.995732	9.257141
6130	-1293.405	-1290.409	-2.995732	16.51998
6140	-1291.42	-1288.425	-2.995732	8.478034
6150	-1291.361	-1288.365	-2.995732	9.796814
6160	-1291.364	-1288.368	-2.995732	9.863411
6170	-1291.359	-1288.363	-2.995732	9.718527
6180	-1292.213	-1289.217	-2.995732	13.73935
6190	-1291.38	-1288.385	-2.995732	8.843838
6200	-1292.507	-1289.511	-2.995732	14.51356
6210	-1291.951	-1288.956	-2.995732	12.95781
6220	-1291.72	-1288.724	-2.995732	7.235517
6230	-1291.43	-1288.434	-2.995732	10.6296
6240	-1292.935	-1289.94	-2.995732	15.52186
6250	-1291.565	-1288.569	-2.995732	7.740376
6260	-1291.373	-1288.378	-2.995732	8.939227
6270	-1291.36	-1288.364	-2.995732	9.763202
6280	-1291.423	-1288.427	-2.995732	10.5725
6290	-1294.797	-1291.801	-2.995732	3.806944
6300	-1293.563	-1290.567	-2.995732	4.662313
6310	-1291.376	-1288.381	-2.995732	10.08206
6320	-1291.412	-1288.416	-2.995732	8.54201
6330	-1291.712	-1288.717	-2.995732	7.257103
6340	-1292.698	-1289.703	-2.995732	5.525378
6350	-1291.426	-1288.43	-2.995732	10.59719
6360	-1291.405	-1288.409	-2.995732	8.598456
6370	-1292.354	-1289.359	-2.995732	14.1226
6380	-1292.852	-1289.857	-2.995732	15.33517
6390	-1291.635	-1288.64	-2.995732	7.491142
6400	-1291.375	-1288.379	-2.995732	8.914315
6410	-1291.615	-1288.619	-2.995732	7.559638
6420	-1291.897	-1288.902	-2.995732	12.77982
6430	-1291.371	-1288.375	-2.995732	8.978767
6440	-1291.599	-1288.603	-2.995732	7.615129
6450	-1291.442	-1288.446	-2.995732	10.71811
6460	-1292.949	-1289.954	-2.995732	15.55255
6470	-1294.142	-1291.146	-2.995732	17.94197
6480	-1292.112	-1289.116	-2.995732	13.45098
6490	-1292.206	-1289.21	-2.995732	13.71895
6500	-1291.427	-1288.432	-2.995732	8.428689
6510	-1291.588	-1288.593	-2.995732	11.56925
6520	-1291.943	-1288.948	-2.995732	12.93184
6530	-1291.665	-1288.669	-2.995732	7.39727
6540	-1291.805	-1288.809	-2.995732	7.013872
6550	-1291.694	-1288.699	-2.995732	7.30896
6560	-1291.395	-1288.399	-2.995732	8.692475
6570	-1291.357	-1288.361	-2.995732	9.634803
6580	-1292.157	-1289.161	-2.995732	13.5802
6590	-1291.424	-1288.428	-2.995732	10.57862
6600	-1292.482	-1289.486	-2.995732	14.45199
6610	-1291.607	-1288.611	-2.995732	7.587639
6620	-1291.469	-1288.473	-2.995732	8.172661
6630	-1291.431	-1288.435	-2.995732	10.63535
6640	-1291.461	-1288.465	-2.995732	8.218751
6650	-1291.907	-1288.911	-2.995732	12.81191
6660	-1291.621	-1288.625	-2.995732	11.71901
6670	-1292.508	-1289.512	-2.995732	14.51677
6680	-1291.729	-1288.733	-2.995732	7.21177
6690	-1291.438	-1288.443	-2.995732	8.354773
6700	-1291.386	-1288.391	-2.995732	8.777788
6710	-1291.534	-1288.538	-2.995732	11.29505
6720	-1291.393	-1288.397	-2.995732	8.709718
6730	-1291.744	-1288.748	-2.995732	12.2324
6740	-1291.569	-1288.573	-2.995732	11.47442
6750	-1293.37	-1290.374	-2.995732	16.44716
6760	-1291.493	-1288.497	-2.995732	11.06223
6770	-1291.359	-1288.363	-2.995732	9.733063
6780	-1291.983	-1288.987	-2.995732	13.05914
6790	-1292.133	-1289.138	-2.995732	13.51327
6800	-1291.727	-1288.731	-2.995732	12.16439
6810	-1291.416	-1288.42	-2.995732	8.510631
6820	-1291.467	-1288.471	-2.995732	10.89537
6830	-1292.562	-1289.566	-2.995732	14.6498
6840	-1292.929	-1289.934	-2.995732	5.262003
6850	-1291.78	-1288.784	-2.995732	12.36565
6860	-1291.365	-1288.369	-2.995732	9.879139
6870	-1291.714	-1288.718	-2.995732	12.11458
6880	-1291.383	-1288.387	-2.995732	10.16959
6890	-1291.494	-1288.498	-2.995732	11.06468
6900	-1291.874	-1288.878	-2.995732	12.7008
6910	-1291.375	-1288.379	-2.995732	10.05297
6920	-1291.355	-1288.36	-2.995732	9.562762
6930	-1291.503	-1288.507	-2.995732	8.001951
6940	-1292.152	-1289.156	-2.995732	6.306854
6950	-1291.402	-1288.407	-2.995732	8.620733
6960	-1291.365	-1288.37	-2.995732	9.068844
6970	-1291.694	-1288.698	-2.995732	7.311185
6980	-1292.793	-1289.798	-2.995732	5.413267
6990	-1292.012	-1289.016	-2.995732	6.562278
7000	-1291.505	-1288.509	-2.995732	11.12954
7010	-1291.355	-1288.359	-2.995732	9.470812
7020	-1292.742	-1289.747	-2.995732	5.472643
7030	-1291.715	-1288.719	-2.995732	12.11872
7040	-1292.691	-1289.695	-2.995732	14.96011
7050	-1291.415	-1288.419	-2.995732	10.4995
7060	-1291.426	-1288.43	-2.995732	8.440835
7070	-1291.399	-1288.404	-2.995732	10.35397
7080	-1291.389	-1288.394	-2.995732	10.24806
7090	-1291.357	-1288.361	-2.995732	9.634575
7100	-1291.803	-1288.807	-2.995732	12.45156
7110	-1291.36	-1288.364	-2.995732	9.198641
7120	-1292.887	-1289.891	-2.995732	15.41229
7130	-1294.093	-1291.097	-2.995732	17.85129
7140	-1292.102	-1289.106	-2.995732	13.42177
7150	-1292.754	-1289.758	-2.995732	5.458868
7160	-1291.447	-1288.452	-2.995732	10.76013
7170	-1291.937	-1288.941	-2.995732	12.91059
7180	-1291.557	-1288.561	-2.995732	11.41439
7190	-1291.927	-1288.931	-2.995732	12.8791
7200	-1292.999	-1290.004	-2.995732	5.1877
7210	-1291.651	-1288.655	-2.995732	11.85416
7220	-1291.364	-1288.369	-2.995732	9.089167
7230	-1291.794	-1288.798	-2.995732	7.04065
7240	-1292.025	-1289.03	-2.995732	13.19023
7250	-1293.644	-1290.648	-2.995732	16.99602
7260	-1291.686	-1288.69	-2.995732	11.99996
7270	-1291.724	-1288.728	-2.995732	12.15406
7280	-1291.365	-1288.369	-2.995732	9.878249
7290	-1291.37	-1288.374	-2.995732	8.988276
7300	-1291.952	-1288.956	-2.995732	6.683089
7310	-1292.057	-1289.061	-2.995732	6.477472
7320	-1291.64	-1288.644	-2.995732	11.80472
7330	-1291.425	-1288.43	-2.995732	10.59157
7340	-1292.01	-1289.015	-2.995732	13.14455
7350	-1291.386	-1288.39	-2.995732	8.778097
7360	-1291.811	-1288.816	-2.995732	12.48143
7370	-1292.36	-1289.364	-2.995732	5.976379
7380	-1291.941	-1288.945	-2.995732	12.92402
7390	-1291.356	-1288.36	-2.995732	9.612555
7400	-1291.434	-1288.438	-2.995732	8.382942
7410	-1291.584	-1288.588	-2.995732	7.669229
7420	-1291.369	-1288.373	-2.995732	9.957595
7430	-1292.98	-1289.984	-2.995732	15.62074
7440	-1291.992	-1288.996	-2.995732	13.08601
7450	-1291.381	-1288.385	-2.995732	10.14441
7460	-1291.458	-1288.463	-2.995732	10.8385
7470	-1291.362	-1288.366	-2.995732	9.80766
7480	-1291.481	-1288.486	-2.995732	10.98988
7490	-1291.633	-1288.637	-2.995732	11.77487
7500	-1291.909	-1288.914	-2.995732	6.773053
7510	-1291.734	-1288.738	-2.995732	7.198459
7520	-1291.79	-1288.794	-2.995732	12.40291
7530	-1293.058	-1290.062	-2.995732	15.79073
7540	-1291.491	-1288.495	-2.995732	8.06253
7550	-1291.453	-1288.457	-2.995732	8.263349
7560	-1291.355	-1288.36	-2.995732	9.565389
7570	-1292.579	-1289.583	-2.995732	5.674864
7580	-1291.867	-1288.871	-2.995732	6.866782
7590	-1292.458	-1289.463	-2.995732	5.835269
7600	-1291.466	-1288.471	-2.995732	10.89241
7610	-1291.693	-1288.698	-2.995732	12.03149
7620	-1291.361	-1288.365	-2.995732	9.78955
7630	-1291.447	-1288.452	-2.995732	8.29846
7640	-1292.374	-1289.378	-2.995732	14.17503
7650	-1291.362	-1288.367	-2.995732	9.827515
7660	-1291.364	-1288.368	-2.995732	9.854786
7670	-1291.688	-1288.692	-2.995732	12.00759
7680	-1291.36	-1288.364	-2.995732	9.764888
7690	-1291.382	-1288.386	-2.995732	10.15148
7700	-1291.563	-1288.567	-2.995732	11.44438
7710	-1291.372	-1288.376	-2.995732	8.959034
7720	-1291.51	-1288.514	-2.995732	11.16185
7730	-1292.505	-1289.51	-2.995732	14.51043
7740	-1291.631	-1288.636	-2.995732	7.504049
7750	-1291.741	-1288.746	-2.995732	7.177247
7760	-1291.844	-1288.848	-2.995732	6.919895
7770	-1291.932	-1288.936	-2.995732	12.89456
7780	-1291.488	-1288.492	-2.995732	11.02983
7790	-1292.763	-1289.767	-2.995732	15.1292
7800	-1291.363	-1288.367	-2.995732	9.115807
7810	-1291.562	-1288.567	-2.995732	7.749814
7820	-1294.099	-1291.103	-2.995732	17.86234
7830	-1291.377	-1288.381	-2.995732	8.890411
7840	-1291.394	-1288.399	-2.995732	10.30104
7850	-1291.423	-1288.427	-2.995732	8.461911
7860	-1291.391	-1288.395	-2.995732	10.2597
7870	-1291.36	-1288.364	-2.995732	9.201051
7880	-1291.545	-1288.549	-2.995732	7.818335
7890	-1291.376	-1288.38	-2.995732	10.07059
7900	-1292.091	-1289.095	-2.995732	13.38737
7910	-1291.611	-1288.615	-2.995732	11.67391
7920	-1291.55	-1288.554	-2.995732	7.800017
7930	-1291.681	-1288.685	-2.995732	7.34834
7940	-1291.491	-1288.495	-2.995732	11.04975
7950	-1294.425	-1291.429	-2.995732	18.4549
7960	-1293.704	-1290.708	-2.995732	17.11336
7970	-1291.505	-1288.509	-2.995732	7.992838
7980	-1293.436	-1290.441	-2.995732	16.58305
7990	-1291.355	-1288.359	-2.995732	9.438305
8000	-1291.355	-1288.36	-2.995732	9.409809
8010	-1292.651	-1289.655	-2.995732	14.86541
8020	-1291.377	-1288.382	-2.995732	10.09423
8030	-1291.39	-1288.394	-2.995732	10.25299
8040	-1291.454	-1288.458	-2.995732	8.258707
8050	-1291.7	-1288.704	-2.995732	12.05764
8060	-1292.384	-1289.388	-2.995732	14.1995
8070	-1291.362	-1288.366	-2.995732	9.81834
8080	-1294.105	-1291.109	-2.995732	17.87365
8090	-1291.587	-1288.592	-2.995732	11.56488
8100	-1293.805	-1290.809	-2.995732	4.46794
8110	-1291.897	-1288.901	-2.995732	6.80063
8120	-1291.355	-1288.359	-2.995732	9.47752
8130	-1292.097	-1289.102	-2.995732	13.40755
8140	-1291.363	-1288.367	-2.995732	9.118377
8150	-1291.73	-1288.734	-2.995732	7.208989
8160	-1291.357	-1288.361	-2.995732	9.65485
8170	-1291.45	-1288.454	-2.995732	10.77784
8180	-1291.376	-1288.381	-2.995732	10.08087
8190	-1292.891	-1289.895	-2.995732	15.42181
8200	-1291.831	-1288.835	-2.995732	6.950821
8210	-1291.57	-1288.575	-2.995732	7.718901
8220	-1293.392	-1290.396	-2.995732	4.809413
8230	-1292.315	-1289.319	-2.995732	6.043645
8240	-1292.086	-1289.09	-2.995732	6.423615
8250	-1291.416	-1288.42	-2.995732	8.510857
8260	-1291.486	-1288.491	-2.995732	11.01975
8270	-1291.39	-1288.394	-2.995732	10.25273
8280	-1291.419	-1288.424	-2.995732	10.54146
8290	-1291.818	-1288.822	-2.995732	12.50443
8300	-1292.225	-1289.229	-2.995732	13.77176
8310	-1291.488	-1288.493	-2.995732	11.03219
8320	-1291.355	-1288.359	-2.995732	9.473315
8330	-1291.357	-1288.362	-2.995732	9.276049
8340	-1291.564	-1288.568	-2.995732	11.44852
8350	-1292.034	-1289.038	-2.995732	6.520333
8360	-1293.011	-1290.016	-2.995732	15.68938
8370	-1291.821	-1288.825	-2.995732	6.97517
8380	-1293.587	-1290.591	-2.995732	16.88428
8390	-1292.659	-1289.663	-2.995732	14.88448
8400	-1291.36	-1288.365	-2.995732	9.180718
8410	-1292.92	-1289.924	-2.995732	5.272502
8420	-1291.87	-1288.874	-2.995732	12.6874
8430	-1291.409	-1288.414	-2.995732	8.561804
8440	-1291.476	-1288.481	-2.995732	10.95764
8450	-1292.239	-1289.244	-2.995732	13.81275
8460	-1291.49	-1288.494	-2.995732	8.06514
8470	-1291.438	-1288.442	-2.995732	10.68801
8480	-1292.148	-1289.152	-2.995732	13.55538
8490	-1292.084	-1289.088	-2.995732	6.427026
8500	-1291.355	-1288.36	-2.995732	9.412003
8510	-1292.393	-1289.397	-2.995732	14.22275
8520	-1291.389	-1288.393	-2.995732	8.746705
8530	-1291.765	-1288.769	-2.995732	12.3111
8540	-1291.361	-1288.365	-2.995732	9.794647
8550	-1291.376	-1288.38	-2.995732	10.07547
8560	-1291.508	-1288.512	-2.995732	11.14831
8570	-1291.374	-1288.378	-2.995732	8.925809
8580	-1291.775	-1288.779	-2.995732	12.34935
8590	-1291.632	-1288.636	-2.995732	11.76865
8600	-1291.53	-1288.534	-2.995732	7.881641
8610	-1291.749	-1288.753	-2.995732	12.25104
8620	-1291.53	-1288.534	-2.995732	11.27151
8630	-1291.36	-1288.364	-2.995732	9.758687
8640	-1292.093	-1289.097	-2.995732	13.39499
8650	-1291.559	-1288.563	-2.995732	7.764447
8660	-1291.381	-1288.385	-2.995732	8.841775
8670	-1291.359	-1288.364	-2.995732	9.208042
8680	-1292.054	-1289.058	-2.995732	13.27678
8690	-1292.325	-1289.329	-2.995732	14.04449
8700	-1291.443	-1288.448	-2.995732	8.322418
8710	-1291.459	-1288.463	-2.995732	8.231486
8720	-1291.596	-1288.6	-2.995732	11.6062
8730	-1291.632	-1288.637	-2.995732	11.77255
8740	-1291.824	-1288.828	-2.995732	6.967771
8750	-1292.491	-1289.496	-2.995732	14.4752
8760	-1291.356	-1288.36	-2.995732	9.60803
8770	-1291.88	-1288.884	-2.995732	12.72103
8780	-1292.37	-1289.374	-2.995732	5.961315
8790	-1293.744	-1290.749	-2.995732	17.19226
8800	-1291.667	-1288.672	-2.995732	11.92378
8810	-1294.577	-1291.582	-2.995732	18.7249
8820	-1292.08	-1289.084	-2.995732	13.3556
8830	-1291.582	-1288.586	-2.995732	7.677008
8840	-1292.291	-1289.295	-2.995732	6.080407
8850	-1291.356	-1288.361	-2.995732	9.623285
8860	-1292.997	-1290.002	-2.995732	5.189609
8870	-1291.481	-1288.485	-2.995732	8.111588
8880	-1291.724	-1288.728	-2.995732	12.15344
8890	-1292.133	-1289.137	-2.995732	13.51093
8900	-1291.452	-1288.456	-2.995732	8.269306
8910	-1291.512	-1288.517	-2.995732	11.17426
8920	-1291.391	-1288.395	-2.995732	8.731403
8930	-1291.433	-1288.437	-2.995732	10.65344
8940	-1292.356	-1289.36	-2.995732	5.981546
8950	-1291.756	-1288.76	-2.995732	12.27564
8960	-1291.362	-1288.367	-2.995732	9.131595
8970	-1291.38	-1288.385	-2.995732	8.845524
8980	-1291.45	-1288.454	-2.995732	8.283855
8990	-1291.427	-1288.431	-2.995732	8.433315
9000	-1291.374	-1288.379	-2.995732	8.922064
9010	-1292.171	-1289.176	-2.995732	6.273628
9020	-1291.503	-1288.508	-2.995732	8.001063
9030	-1291.392	-1288.396	-2.995732	10.27215
9040	-1291.757	-1288.762	-2.995732	12.2825
9050	-1291.67	-1288.674	-2.995732	11.93319
9060	-1291.43	-1288.435	-2.995732	8.407942
9070	-1291.956	-1288.96	-2.995732	12.97296
9080	-1291.825	-1288.829	-2.995732	6.965173
9090	-1291.377	-1288.381	-2.995732	10.08538
9100	-1291.364	-1288.368	-2.995732	9.85703
9110	-1292.479	-1289.483	-2.995732	5.807469
9120	-1291.89	-1288.894	-2.995732	6.816191
9130	-1291.373	-1288.377	-2.995732	8.943485
9140	-1292.192	-1289.197	-2.995732	13.6821
9150	-1291.364	-1288.368	-2.995732	9.866816
9160	-1292.095	-1289.1	-2.995732	13.40156
9170	-1291.468	-1288.472	-2.995732	10.90118
9180	-1292.81	-1289.814	-2.995732	15.23794
9190	-1291.62	-1288.624	-2.995732	11.71444
9200	-1293.21	-1290.214	-2.995732	16.11503
9210	-1292.399	-1289.403	-2.995732	14.23865
9220	-1292.02	-1289.025	-2.995732	6.545876
9230	-1293.204	-1290.209	-2.995732	16.10392
9240	-1291.403	-1288.408	-2.995732	10.39511
9250	-1291.696	-1288.701	-2.995732	7.302952
9260	-1291.878	-1288.882	-2.995732	12.71491
9270	-1291.392	-1288.396	-2.995732	8.716644
9280	-1292.072	-1289.076	-2.995732	6.449066
9290	-1291.361	-1288.365	-2.995732	9.789821
9300	-1291.701	-1288.705	-2.995732	12.06146
9310	-1291.36	-1288.365	-2.995732	9.773865
9320	-1291.356	-1288.36	-2.995732	9.576935
9330	-1291.886	-1288.89	-2.995732	6.82507
9340	-1292.912	-1289.917	-2.995732	5.280153
9350	-1291.988	-1288.992	-2.995732	13.07277
9360	-1291.358	-1288.362	-2.995732	9.696362
9370	-1291.416	-1288.421	-2.995732	8.508417
9380	-1291.47	-1288.474	-2.995732	8.168356
9390	-1291.455	-1288.459	-2.995732	10.81198
9400	-1291.514	-1288.518	-2.995732	11.18406
9410	-1293.838	-1290.842	-2.995732	17.37278
9420	-1292.011	-1289.015	-2.995732	13.14581
9430	-1291.629	-1288.633	-2.995732	7.51156
9440	-1291.423	-1288.427	-2.995732	10.5721
9450	-1291.434	-1288.439	-2.995732	10.6621
9460	-1291.365	-1288.369	-2.995732	9.882409
9470	-1291.412	-1288.416	-2.995732	8.544717
9480	-1292.235	-1289.239	-2.995732	13.79966
9490	-1291.371	-1288.375	-2.995732	9.999384
9500	-1292.872	-1289.877	-2.995732	15.38018
9510	-1291.361	-1288.366	-2.995732	9.803199
9520	-1291.747	-1288.751	-2.995732	12.24215
9530	-1292.382	-1289.386	-2.995732	14.19447
9540	-1291.409	-1288.413	-2.995732	8.566783
9550	-1291.699	-1288.703	-2.995732	7.296365
9560	-1291.45	-1288.454	-2.995732	8.283207
9570	-1292.21	-1289.214	-2.995732	6.209219
9580	-1291.564	-1288.568	-2.995732	11.44782
9590	-1291.498	-1288.503	-2.995732	11.09265
9600	-1291.436	-1288.44	-2.995732	8.368592
9610	-1291.696	-1288.7	-2.995732	7.303979
9620	-1292.901	-1289.905	-2.995732	15.44437
9630	-1291.587	-1288.591	-2.995732	11.56385
9640	-1291.574	-1288.578	-2.995732	7.705328
9650	-1291.358	-1288.362	-2.995732	9.25503
9660	-1291.36	-1288.364	-2.995732	9.757074
9670	-1291.364	-1288.369	-2.995732	9.873243
9680	-1292.561	-1289.565	-2.995732	5.697929
9690	-1292.276	-1289.281	-2.995732	6.102861
9700	-1291.441	-1288.445	-2.995732	8.33702
9710	-1291.432	-1288.436	-2.995732	10.64372
9720	-1291.355	-1288.36	-2.995732	9.542
9730	-1291.359	-1288.363	-2.995732	9.728632
9740	-1291.492	-1288.496	-2.995732	8.055733
9750	-1291.578	-1288.583	-2.995732	11.52136
9760	-1291.393	-1288.397	-2.995732	10.28656
9770	-1291.356	-1288.36	-2.995732	9.34368
9780	-1293.506	-1290.51	-2.995732	4.710058
9790	-1294.92	-1291.924	-2.995732	3.736934
9800	-1291.813	-1288.818	-2.995732	12.48867
9810	-1291.413	-1288.418	-2.995732	8.530195
9820	-1292.165	-1289.169	-2.995732	6.285121
9830	-1292.08	-1289.084	-2.995732	13.35615
9840	-1291.437	-1288.441	-2.995732	8.365011
9850	-1291.366	-1288.37	-2.995732	9.06585
9860	-1291.371	-1288.375	-2.995732	9.997977
9870	-1291.39	-1288.394	-2.995732	10.2509
9880	-1291.386	-1288.391	-2.995732	8.776756
9890	-1291.358	-1288.362	-2.995732	9.257091
9900	-1291.627	-1288.631	-2.995732	7.518403
9910	-1291.369	-1288.373	-2.995732	9.00399
9920	-1291.356	-1288.361	-2.995732	9.320183
9930	-1291.544	-1288.549	-2.995732	11.34931
9940	-1293.312	-1290.316	-2.995732	16.32792
9950	-1291.81	-1288.814	-2.995732	12.47528
9960	-1291.365	-1288.369	-2.995732	9.888601
9970	-1291.707	-1288.711	-2.995732	12.08671
9980	-1291.405	-1288.409	-2.995732	8.600617
9990	-1292.616	-1289.62	-2.995732	14.78235
10000	-1291.398	-1288.403	-2.995732	8.65824
